Log file open, 11/16/19 15:56:18
LogWindows: Failed to load 'aqProf.dll' (GetLastError=126)
LogWindows: File 'aqProf.dll' does not exist
LogWindows: Failed to load 'VtuneApi.dll' (GetLastError=126)
LogWindows: File 'VtuneApi.dll' does not exist
LogWindows: Failed to load 'VtuneApi32e.dll' (GetLastError=126)
LogWindows: File 'VtuneApi32e.dll' does not exist
LogConsoleResponse: Display: Failed to find resolution value strings in scalability ini. Falling back to default.
LogInit: Display: Running engine for game: MyProject
LogPlatformFile: Not using cached read wrapper
LogTaskGraph: Started task graph with 5 named threads and 47 total threads with 3 sets of task threads.
LogStats: Stats thread started at 0.082559
LogD3D11RHI: Loaded GFSDK_Aftermath_Lib.x64.dll
LogICUInternationalization: ICU TimeZone Detection - Raw Offset: +0:00, Platform Override: ''
LogPluginManager: Mounting plugin Paper2D
LogPluginManager: Mounting plugin AISupport
LogPluginManager: Mounting plugin LightPropagationVolume
LogPluginManager: Mounting plugin ActorLayerUtilities
LogPluginManager: Mounting plugin AnimationSharing
LogPluginManager: Mounting plugin CLionSourceCodeAccess
LogPluginManager: Mounting plugin CodeLiteSourceCodeAccess
LogPluginManager: Mounting plugin GitSourceControl
LogPluginManager: Mounting plugin KDevelopSourceCodeAccess
LogPluginManager: Mounting plugin NullSourceCodeAccess
LogPluginManager: Mounting plugin PerforceSourceControl
LogPluginManager: Mounting plugin SubversionSourceControl
LogPluginManager: Mounting plugin UObjectPlugin
LogPluginManager: Mounting plugin VisualStudioCodeSourceCodeAccess
LogPluginManager: Mounting plugin VisualStudioSourceCodeAccess
LogPluginManager: Mounting plugin XCodeSourceCodeAccess
LogPluginManager: Mounting plugin AssetManagerEditor
LogPluginManager: Mounting plugin CryptoKeys
LogPluginManager: Mounting plugin CurveEditorTools
LogPluginManager: Mounting plugin DataValidation
LogPluginManager: Mounting plugin FacialAnimation
LogPluginManager: Mounting plugin GameplayTagsEditor
LogPluginManager: Mounting plugin MacGraphicsSwitching
LogPluginManager: Mounting plugin MaterialAnalyzer
LogPluginManager: Mounting plugin MobileLauncherProfileWizard
LogPluginManager: Mounting plugin PluginBrowser
LogPluginManager: Mounting plugin SpeedTreeImporter
LogPluginManager: Mounting plugin DatasmithContent
LogPluginManager: Mounting plugin VariantManagerContent
LogPluginManager: Mounting plugin AlembicImporter
LogPluginManager: Mounting plugin AutomationUtils
LogPluginManager: Mounting plugin BackChannel
LogPluginManager: Mounting plugin CharacterAI
LogPluginManager: Mounting plugin GeometryCache
LogPluginManager: Mounting plugin HTML5Networking
LogPluginManager: Mounting plugin PlatformCrypto
LogPluginManager: Mounting plugin ProxyLODPlugin
LogPluginManager: Mounting plugin SkeletalReduction
LogPluginManager: Mounting plugin MagicLeap
LogPluginManager: Mounting plugin MagicLeapMedia
LogPluginManager: Mounting plugin AndroidMedia
LogPluginManager: Mounting plugin AvfMedia
LogPluginManager: Mounting plugin ImgMedia
LogPluginManager: Mounting plugin MediaCompositing
LogPluginManager: Mounting plugin MediaPlayerEditor
LogPluginManager: Mounting plugin WebMMedia
LogPluginManager: Mounting plugin WmfMedia
LogPluginManager: Mounting plugin TcpMessaging
LogPluginManager: Mounting plugin UdpMessaging
LogPluginManager: Mounting plugin ActorSequence
LogPluginManager: Mounting plugin LevelSequenceEditor
LogPluginManager: Mounting plugin MatineeToLevelSequence
LogPluginManager: Mounting plugin NetcodeUnitTest
LogPluginManager: Mounting plugin NUTUnrealEngine4
LogPluginManager: Mounting plugin OnlineSubsystemGooglePlay
LogPluginManager: Mounting plugin OnlineSubsystemIOS
LogPluginManager: Mounting plugin OnlineSubsystem
LogPluginManager: Mounting plugin OnlineSubsystemNull
LogPluginManager: Mounting plugin OnlineSubsystemUtils
LogPluginManager: Mounting plugin LauncherChunkInstaller
LogPluginManager: Mounting plugin AndroidDeviceProfileSelector
LogPluginManager: Mounting plugin AndroidMoviePlayer
LogPluginManager: Mounting plugin AndroidPermission
LogPluginManager: Mounting plugin AppleImageUtils
LogPluginManager: Mounting plugin AppleMoviePlayer
LogPluginManager: Mounting plugin ArchVisCharacter
LogPluginManager: Mounting plugin AudioCapture
LogPluginManager: Mounting plugin CableComponent
LogPluginManager: Mounting plugin CustomMeshComponent
LogPluginManager: Mounting plugin EditableMesh
LogPluginManager: Mounting plugin ExampleDeviceProfileSelector
LogPluginManager: Mounting plugin GoogleCloudMessaging
LogPluginManager: Mounting plugin IOSDeviceProfileSelector
LogPluginManager: Mounting plugin LinuxDeviceProfileSelector
LogPluginManager: Mounting plugin LocationServicesBPLibrary
LogPluginManager: Mounting plugin MobilePatchingUtils
LogPluginManager: Mounting plugin OculusVR
LogPluginManager: Mounting plugin PhysXVehicles
LogPluginManager: Mounting plugin ProceduralMeshComponent
LogPluginManager: Mounting plugin RuntimePhysXCooking
LogPluginManager: Mounting plugin SignificanceManager
LogPluginManager: Mounting plugin SteamVR
LogPluginManager: Mounting plugin WebMMoviePlayer
LogPluginManager: Mounting plugin WindowsMoviePlayer
LogPluginManager: Mounting plugin ScreenshotTools
LogInit: Using libcurl 7.55.1-DEV
LogInit:  - built for x86_64-pc-win32
LogInit:  - supports SSL with OpenSSL/1.1.1
LogInit:  - supports HTTP deflate (compression) using libz 1.2.8
LogInit:  - other features:
LogInit:      CURL_VERSION_SSL
LogInit:      CURL_VERSION_LIBZ
LogInit:      CURL_VERSION_IPV6
LogInit:      CURL_VERSION_ASYNCHDNS
LogInit:      CURL_VERSION_LARGEFILE
LogInit:      CURL_VERSION_IDN
LogInit:  CurlRequestOptions (configurable via config and command line):
LogInit:  - bVerifyPeer = true  - Libcurl will verify peer certificate
LogInit:  - bUseHttpProxy = false  - Libcurl will NOT use HTTP proxy
LogInit:  - bDontReuseConnections = false  - Libcurl will reuse connections
LogInit:  - MaxHostConnections = 16  - Libcurl will limit the number of connections to a host
LogInit:  - LocalHostAddr = Default
LogInit:  - BufferSize = 65536
LogModuleManager: Warning: ModuleManager: Unable to load module 'OnlineSubsystemSteam'  - 0 instances of that module name found.
LogOnline: OSS: Creating online subsystem instance for: NULL
LogInit: WinSock: version 1.1 (2.2), MaxSocks=32767, MaxUdp=65467
LogInit: Build: ++UE4+Release-4.23-CL-9631420
LogInit: Engine Version: 4.23.1-9631420+++UE4+Release-4.23
LogInit: Compatible Engine Version: 4.23.0-8386587+++UE4+Release-4.23
LogInit: Net CL: 8386587
LogInit: OS: Windows 10 (Release 1903) (), CPU: AMD Ryzen 7 1700X Eight-Core Processor         , GPU: Radeon RX Vega
LogInit: Compiled (64-bit): Oct 18 2019 02:07:44
LogInit: Compiled with Visual C++: 19.16.27030.01
LogInit: Build Configuration: Development
LogInit: Branch Name: ++UE4+Release-4.23
LogInit: Command Line: 
LogInit: Base Directory: C:/Program Files/Epic Games/UE_4.23/Engine/Binaries/Win64/
LogInit: Installed Engine Build: 1
LogDevObjectVersion: Number of dev versions registered: 23
LogDevObjectVersion:   Dev-Blueprints (B0D832E4-1F89-4F0D-ACCF-7EB736FD4AA2): 10
LogDevObjectVersion:   Dev-Build (E1C64328-A22C-4D53-A36C-8E866417BD8C): 0
LogDevObjectVersion:   Dev-Core (375EC13C-06E4-48FB-B500-84F0262A717E): 3
LogDevObjectVersion:   Dev-Editor (E4B068ED-F494-42E9-A231-DA0B2E46BB41): 34
LogDevObjectVersion:   Dev-Framework (CFFC743F-43B0-4480-9391-14DF171D2073): 35
LogDevObjectVersion:   Dev-Mobile (B02B49B5-BB20-44E9-A304-32B752E40360): 2
LogDevObjectVersion:   Dev-Networking (A4E4105C-59A1-49B5-A7C5-40C4547EDFEE): 0
LogDevObjectVersion:   Dev-Online (39C831C9-5AE6-47DC-9A44-9C173E1C8E7C): 0
LogDevObjectVersion:   Dev-Physics (78F01B33-EBEA-4F98-B9B4-84EACCB95AA2): 0
LogDevObjectVersion:   Dev-Platform (6631380F-2D4D-43E0-8009-CF276956A95A): 0
LogDevObjectVersion:   Dev-Rendering (12F88B9F-8875-4AFC-A67C-D90C383ABD29): 31
LogDevObjectVersion:   Dev-Sequencer (7B5AE74C-D270-4C10-A958-57980B212A5A): 11
LogDevObjectVersion:   Dev-VR (D7296918-1DD6-4BDD-9DE2-64A83CC13884): 2
LogDevObjectVersion:   Dev-LoadTimes (C2A15278-BFE7-4AFE-6C17-90FF531DF755): 1
LogDevObjectVersion:   Private-Geometry (6EACA3D4-40EC-4CC1-B786-8BED09428FC5): 3
LogDevObjectVersion:   Dev-AnimPhys (29E575DD-E0A3-4627-9D10-D276232CDCEA): 17
LogDevObjectVersion:   Dev-Anim (AF43A65D-7FD3-4947-9873-3E8ED9C1BB05): 2
LogDevObjectVersion:   Dev-ReflectionCapture (6B266CEC-1EC7-4B8F-A30B-E4D90942FC07): 1
LogDevObjectVersion:   Dev-Automation (0DF73D61-A23F-47EA-B727-89E90C41499A): 1
LogDevObjectVersion:   FortniteMain (601D1886-AC64-4F84-AA16-D3DE0DEAC7D6): 27
LogDevObjectVersion:   Dev-Enterprise (9DFFBCD6-494F-0158-E221-12823C92A888): 6
LogDevObjectVersion:   Dev-Niagara (F2AED0AC-9AFE-416F-8664-AA7FFA26D6FC): 1
LogDevObjectVersion:   Dev-Destruction (174F1F0B-B4C6-45A5-B13F-2EE8D0FB917D): 9
LogInit: Presizing for max 16777216 objects, including 0 objects not considered by GC, pre-allocating 0 bytes for permanent pool.
LogInit: Object subsystem initialized
LogConfig: Setting CVar [[con.DebugEarlyDefault:1]]
LogConfig: Setting CVar [[r.setres:1280x720]]
[2019.11.16-15.56.19:317][  0]LogConfig: Setting CVar [[r.VSync:0]]
[2019.11.16-15.56.19:317][  0]LogConfig: Setting CVar [[r.RHICmdBypass:0]]
[2019.11.16-15.56.19:317][  0]LogConfig: Applying CVar settings from Section [/Script/Engine.RendererSettings] File [C:/Users/Vive PC-2/Documents/Unreal Projects/MyProject/Saved/Config/Windows/Engine.ini]
[2019.11.16-15.56.19:317][  0]LogConfig: Setting CVar [[r.GPUCrashDebugging:0]]
[2019.11.16-15.56.19:317][  0]LogConfig: Setting CVar [[r.DefaultFeature.AmbientOcclusion:0]]
[2019.11.16-15.56.19:317][  0]LogConfig: Setting CVar [[r.DefaultFeature.AmbientOcclusionStaticFraction:0]]
[2019.11.16-15.56.19:317][  0]LogConfig: Setting CVar [[vr.InstancedStereo:1]]
[2019.11.16-15.56.19:317][  0]LogConfig: Setting CVar [[r.SeparateTranslucency:0]]
[2019.11.16-15.56.19:317][  0]LogConfig: Setting CVar [[r.HZBOcclusion:0]]
[2019.11.16-15.56.19:317][  0]LogConfig: Setting CVar [[r.SSR.MaxRoughness:0]]
[2019.11.16-15.56.19:317][  0]LogConfig: Setting CVar [[r.rhicmdbypass:0]]
[2019.11.16-15.56.19:317][  0]LogConfig: Applying CVar settings from Section [/Script/Engine.RendererOverrideSettings] File [C:/Users/Vive PC-2/Documents/Unreal Projects/MyProject/Saved/Config/Windows/Engine.ini]
[2019.11.16-15.56.19:317][  0]LogConfig: Applying CVar settings from Section [/Script/Engine.StreamingSettings] File [C:/Users/Vive PC-2/Documents/Unreal Projects/MyProject/Saved/Config/Windows/Engine.ini]
[2019.11.16-15.56.19:317][  0]LogConfig: Setting CVar [[s.MinBulkDataSizeForAsyncLoading:131072]]
[2019.11.16-15.56.19:317][  0]LogConfig: Setting CVar [[s.AsyncLoadingThreadEnabled:0]]
[2019.11.16-15.56.19:317][  0]LogConfig: Setting CVar [[s.EventDrivenLoaderEnabled:1]]
[2019.11.16-15.56.19:317][  0]LogConfig: Setting CVar [[s.WarnIfTimeLimitExceeded:0]]
[2019.11.16-15.56.19:317][  0]LogConfig: Setting CVar [[s.TimeLimitExceededMultiplier:1.5]]
[2019.11.16-15.56.19:317][  0]LogConfig: Setting CVar [[s.TimeLimitExceededMinTime:0.005]]
[2019.11.16-15.56.19:317][  0]LogConfig: Setting CVar [[s.UseBackgroundLevelStreaming:1]]
[2019.11.16-15.56.19:317][  0]LogConfig: Setting CVar [[s.PriorityAsyncLoadingExtraTime:15.0]]
[2019.11.16-15.56.19:317][  0]LogConfig: Setting CVar [[s.LevelStreamingActorsUpdateTimeLimit:5.0]]
[2019.11.16-15.56.19:318][  0]LogConfig: Setting CVar [[s.PriorityLevelStreamingActorsUpdateExtraTime:5.0]]
[2019.11.16-15.56.19:318][  0]LogConfig: Setting CVar [[s.LevelStreamingComponentsRegistrationGranularity:10]]
[2019.11.16-15.56.19:318][  0]LogConfig: Setting CVar [[s.UnregisterComponentsTimeLimit:1.0]]
[2019.11.16-15.56.19:318][  0]LogConfig: Setting CVar [[s.LevelStreamingComponentsUnregistrationGranularity:5]]
[2019.11.16-15.56.19:318][  0]LogConfig: Applying CVar settings from Section [/Script/Engine.GarbageCollectionSettings] File [C:/Users/Vive PC-2/Documents/Unreal Projects/MyProject/Saved/Config/Windows/Engine.ini]
[2019.11.16-15.56.19:318][  0]LogConfig: Setting CVar [[gc.MaxObjectsNotConsideredByGC:1]]
[2019.11.16-15.56.19:318][  0]LogConfig: Setting CVar [[gc.SizeOfPermanentObjectPool:0]]
[2019.11.16-15.56.19:318][  0]LogConfig: Setting CVar [[gc.FlushStreamingOnGC:0]]
[2019.11.16-15.56.19:318][  0]LogConfig: Setting CVar [[gc.NumRetriesBeforeForcingGC:10]]
[2019.11.16-15.56.19:318][  0]LogConfig: Setting CVar [[gc.AllowParallelGC:1]]
[2019.11.16-15.56.19:318][  0]LogConfig: Setting CVar [[gc.TimeBetweenPurgingPendingKillObjects:61.1]]
[2019.11.16-15.56.19:318][  0]LogConfig: Setting CVar [[gc.MaxObjectsInEditor:16777216]]
[2019.11.16-15.56.19:318][  0]LogConfig: Setting CVar [[gc.IncrementalBeginDestroyEnabled:1]]
[2019.11.16-15.56.19:318][  0]LogConfig: Setting CVar [[gc.CreateGCClusters:1]]
[2019.11.16-15.56.19:318][  0]LogConfig: Setting CVar [[gc.MinGCClusterSize:5]]
[2019.11.16-15.56.19:318][  0]LogConfig: Setting CVar [[gc.ActorClusteringEnabled:0]]
[2019.11.16-15.56.19:318][  0]LogConfig: Setting CVar [[gc.BlueprintClusteringEnabled:0]]
[2019.11.16-15.56.19:318][  0]LogConfig: Setting CVar [[gc.UseDisregardForGCOnDedicatedServers:0]]
[2019.11.16-15.56.19:318][  0]LogConfig: Applying CVar settings from Section [/Script/Engine.NetworkSettings] File [C:/Users/Vive PC-2/Documents/Unreal Projects/MyProject/Saved/Config/Windows/Engine.ini]
[2019.11.16-15.56.19:318][  0]LogConfig: Applying CVar settings from Section [/Script/UnrealEd.CookerSettings] File [C:/Users/Vive PC-2/Documents/Unreal Projects/MyProject/Saved/Config/Windows/Engine.ini]
[2019.11.16-15.56.19:322][  0]LogConfig: Applying CVar settings from Section [ViewDistanceQuality@3] File [C:/Users/Vive PC-2/Documents/Unreal Projects/MyProject/Saved/Config/Windows/Scalability.ini]
[2019.11.16-15.56.19:322][  0]LogConfig: Setting CVar [[r.SkeletalMeshLODBias:0]]
[2019.11.16-15.56.19:322][  0]LogConfig: Setting CVar [[r.ViewDistanceScale:1.0]]
[2019.11.16-15.56.19:322][  0]LogConfig: Applying CVar settings from Section [AntiAliasingQuality@3] File [C:/Users/Vive PC-2/Documents/Unreal Projects/MyProject/Saved/Config/Windows/Scalability.ini]
[2019.11.16-15.56.19:322][  0]LogConfig: Setting CVar [[r.PostProcessAAQuality:3]]
[2019.11.16-15.56.19:322][  0]LogConfig: Applying CVar settings from Section [ShadowQuality@3] File [C:/Users/Vive PC-2/Documents/Unreal Projects/MyProject/Saved/Config/Windows/Scalability.ini]
[2019.11.16-15.56.19:322][  0]LogConfig: Setting CVar [[r.LightFunctionQuality:1]]
[2019.11.16-15.56.19:322][  0]LogConfig: Setting CVar [[r.ShadowQuality:5]]
[2019.11.16-15.56.19:322][  0]LogConfig: Setting CVar [[r.Shadow.CSM.MaxCascades:10]]
[2019.11.16-15.56.19:322][  0]LogConfig: Setting CVar [[r.Shadow.MaxResolution:2048]]
[2019.11.16-15.56.19:322][  0]LogConfig: Setting CVar [[r.Shadow.MaxCSMResolution:2048]]
[2019.11.16-15.56.19:322][  0]LogConfig: Setting CVar [[r.Shadow.RadiusThreshold:0.01]]
[2019.11.16-15.56.19:322][  0]LogConfig: Setting CVar [[r.Shadow.DistanceScale:1.0]]
[2019.11.16-15.56.19:322][  0]LogConfig: Setting CVar [[r.Shadow.CSM.TransitionScale:1.0]]
[2019.11.16-15.56.19:322][  0]LogConfig: Setting CVar [[r.Shadow.PreShadowResolutionFactor:1.0]]
[2019.11.16-15.56.19:322][  0]LogConfig: Setting CVar [[r.DistanceFieldShadowing:1]]
[2019.11.16-15.56.19:322][  0]LogConfig: Setting CVar [[r.DistanceFieldAO:1]]
[2019.11.16-15.56.19:322][  0]LogConfig: Setting CVar [[r.AOQuality:2]]
[2019.11.16-15.56.19:322][  0]LogConfig: Setting CVar [[r.VolumetricFog:1]]
[2019.11.16-15.56.19:322][  0]LogConfig: Setting CVar [[r.VolumetricFog.GridPixelSize:8]]
[2019.11.16-15.56.19:322][  0]LogConfig: Setting CVar [[r.VolumetricFog.GridSizeZ:128]]
[2019.11.16-15.56.19:322][  0]LogConfig: Setting CVar [[r.VolumetricFog.HistoryMissSupersampleCount:4]]
[2019.11.16-15.56.19:322][  0]LogConfig: Setting CVar [[r.LightMaxDrawDistanceScale:1]]
[2019.11.16-15.56.19:322][  0]LogConfig: Setting CVar [[r.CapsuleShadows:1]]
[2019.11.16-15.56.19:322][  0]LogConfig: Applying CVar settings from Section [PostProcessQuality@3] File [C:/Users/Vive PC-2/Documents/Unreal Projects/MyProject/Saved/Config/Windows/Scalability.ini]
[2019.11.16-15.56.19:322][  0]LogConfig: Setting CVar [[r.MotionBlurQuality:0]]
[2019.11.16-15.56.19:322][  0]LogConfig: Setting CVar [[r.AmbientOcclusionMipLevelFactor:0.4]]
[2019.11.16-15.56.19:322][  0]LogConfig: Setting CVar [[r.AmbientOcclusionMaxQuality:100]]
[2019.11.16-15.56.19:322][  0]LogConfig: Setting CVar [[r.AmbientOcclusionLevels:0]]
[2019.11.16-15.56.19:322][  0]LogConfig: Setting CVar [[r.AmbientOcclusionRadiusScale:1.0]]
[2019.11.16-15.56.19:322][  0]LogConfig: Setting CVar [[r.DepthOfFieldQuality:0]]
[2019.11.16-15.56.19:322][  0]LogConfig: Setting CVar [[r.RenderTargetPoolMin:400]]
[2019.11.16-15.56.19:322][  0]LogConfig: Setting CVar [[r.LensFlareQuality:0]]
[2019.11.16-15.56.19:322][  0]LogConfig: Setting CVar [[r.SceneColorFringeQuality:0]]
[2019.11.16-15.56.19:322][  0]LogConfig: Setting CVar [[r.EyeAdaptationQuality:2]]
[2019.11.16-15.56.19:322][  0]LogConfig: Setting CVar [[r.BloomQuality:1]]
[2019.11.16-15.56.19:322][  0]LogConfig: Setting CVar [[r.FastBlurThreshold:0]]
[2019.11.16-15.56.19:322][  0]LogConfig: Setting CVar [[r.Upscale.Quality:3]]
[2019.11.16-15.56.19:322][  0]LogConfig: Setting CVar [[r.Tonemapper.GrainQuantization:1]]
[2019.11.16-15.56.19:322][  0]LogConfig: Setting CVar [[r.LightShaftQuality:1]]
[2019.11.16-15.56.19:322][  0]LogConfig: Setting CVar [[r.Filter.SizeScale:1]]
[2019.11.16-15.56.19:322][  0]LogConfig: Setting CVar [[r.Tonemapper.Quality:5]]
[2019.11.16-15.56.19:322][  0]LogConfig: Setting CVar [[r.DOF.Gather.AccumulatorQuality:1        ; higher gathering accumulator quality]]
[2019.11.16-15.56.19:322][  0]LogConfig: Setting CVar [[r.DOF.Gather.PostfilterMethod:1          ; Median3x3 postfilering method]]
[2019.11.16-15.56.19:322][  0]LogConfig: Setting CVar [[r.DOF.Gather.EnableBokehSettings:0       ; no bokeh simulation when gathering]]
[2019.11.16-15.56.19:322][  0]LogConfig: Setting CVar [[r.DOF.Gather.RingCount:4                 ; medium number of samples when gathering]]
[2019.11.16-15.56.19:322][  0]LogConfig: Setting CVar [[r.DOF.Scatter.ForegroundCompositing:1    ; additive foreground scattering]]
[2019.11.16-15.56.19:322][  0]LogConfig: Setting CVar [[r.DOF.Scatter.BackgroundCompositing:2    ; additive background scattering]]
[2019.11.16-15.56.19:322][  0]LogConfig: Setting CVar [[r.DOF.Scatter.EnableBokehSettings:1      ; bokeh simulation when scattering]]
[2019.11.16-15.56.19:322][  0]LogConfig: Setting CVar [[r.DOF.Scatter.MaxSpriteRatio:0.1         ; only a maximum of 10% of scattered bokeh]]
[2019.11.16-15.56.19:322][  0]LogConfig: Setting CVar [[r.DOF.Recombine.Quality:1                ; cheap slight out of focus]]
[2019.11.16-15.56.19:322][  0]LogConfig: Setting CVar [[r.DOF.Recombine.EnableBokehSettings:0    ; no bokeh simulation on slight out of focus]]
[2019.11.16-15.56.19:322][  0]LogConfig: Setting CVar [[r.DOF.TemporalAAQuality:1                ; more stable temporal accumulation]]
[2019.11.16-15.56.19:323][  0]LogConfig: Setting CVar [[r.DOF.Kernel.MaxForegroundRadius:0.025]]
[2019.11.16-15.56.19:323][  0]LogConfig: Setting CVar [[r.DOF.Kernel.MaxBackgroundRadius:0.025]]
[2019.11.16-15.56.19:323][  0]LogConfig: Applying CVar settings from Section [TextureQuality@3] File [C:/Users/Vive PC-2/Documents/Unreal Projects/MyProject/Saved/Config/Windows/Scalability.ini]
[2019.11.16-15.56.19:323][  0]LogConfig: Setting CVar [[r.Streaming.MipBias:0]]
[2019.11.16-15.56.19:323][  0]LogConfig: Setting CVar [[r.Streaming.AmortizeCPUToGPUCopy:0]]
[2019.11.16-15.56.19:323][  0]LogConfig: Setting CVar [[r.Streaming.MaxNumTexturesToStreamPerFrame:0]]
[2019.11.16-15.56.19:323][  0]LogConfig: Setting CVar [[r.Streaming.Boost:1]]
[2019.11.16-15.56.19:323][  0]LogConfig: Setting CVar [[r.MaxAnisotropy:8]]
[2019.11.16-15.56.19:323][  0]LogConfig: Setting CVar [[r.Streaming.LimitPoolSizeToVRAM:0]]
[2019.11.16-15.56.19:323][  0]LogConfig: Setting CVar [[r.Streaming.PoolSize:1000]]
[2019.11.16-15.56.19:323][  0]LogConfig: Setting CVar [[r.Streaming.MaxEffectiveScreenSize:0]]
[2019.11.16-15.56.19:323][  0]LogConfig: Applying CVar settings from Section [EffectsQuality@3] File [C:/Users/Vive PC-2/Documents/Unreal Projects/MyProject/Saved/Config/Windows/Scalability.ini]
[2019.11.16-15.56.19:323][  0]LogConfig: Setting CVar [[r.TranslucencyLightingVolumeDim:4]]
[2019.11.16-15.56.19:323][  0]LogConfig: Setting CVar [[r.RefractionQuality:2]]
[2019.11.16-15.56.19:323][  0]LogConfig: Setting CVar [[r.SSR.Quality:0]]
[2019.11.16-15.56.19:323][  0]LogConfig: Setting CVar [[r.SceneColorFormat:2]]
[2019.11.16-15.56.19:323][  0]LogConfig: Setting CVar [[r.DetailMode:2]]
[2019.11.16-15.56.19:323][  0]LogConfig: Setting CVar [[r.TranslucencyVolumeBlur:0]]
[2019.11.16-15.56.19:323][  0]LogConfig: Setting CVar [[r.MaterialQualityLevel:1 ; High quality]]
[2019.11.16-15.56.19:323][  0]LogConfig: Setting CVar [[r.SSS.Scale:1]]
[2019.11.16-15.56.19:323][  0]LogConfig: Setting CVar [[r.SSS.SampleSet:2]]
[2019.11.16-15.56.19:323][  0]LogConfig: Setting CVar [[r.SSS.Quality:1]]
[2019.11.16-15.56.19:323][  0]LogConfig: Setting CVar [[r.SSS.HalfRes:1]]
[2019.11.16-15.56.19:323][  0]LogConfig: Setting CVar [[r.EmitterSpawnRateScale:1.0]]
[2019.11.16-15.56.19:323][  0]LogConfig: Setting CVar [[r.ParticleLightQuality:2]]
[2019.11.16-15.56.19:323][  0]LogConfig: Applying CVar settings from Section [FoliageQuality@3] File [C:/Users/Vive PC-2/Documents/Unreal Projects/MyProject/Saved/Config/Windows/Scalability.ini]
[2019.11.16-15.56.19:323][  0]LogConfig: Setting CVar [[foliage.DensityScale:1.0]]
[2019.11.16-15.56.19:323][  0]LogConfig: Setting CVar [[grass.DensityScale:1.0]]
[2019.11.16-15.56.19:323][  0]LogInit: Selected Device Profile: [Windows]
[2019.11.16-15.56.19:323][  0]LogInit: Applying CVar settings loaded from the selected device profile: [Windows]
[2019.11.16-15.56.19:327][  0]LogHAL: Display: Platform has ~ 16 GB [17125801984 / 17179869184 / 16], which maps to Larger [LargestMinGB=32, LargerMinGB=12, DefaultMinGB=8, SmallerMinGB=6, SmallestMinGB=0)
[2019.11.16-15.56.19:327][  0]LogInit: Going up to parent DeviceProfile []
[2019.11.16-15.56.19:327][  0]LogConfig: Applying CVar settings from Section [ViewDistanceQuality@3] File [C:/Users/Vive PC-2/Documents/Unreal Projects/MyProject/Saved/Config/Windows/Scalability.ini]
[2019.11.16-15.56.19:327][  0]LogConfig: Setting CVar [[r.SkeletalMeshLODBias:0]]
[2019.11.16-15.56.19:327][  0]LogConfig: Setting CVar [[r.ViewDistanceScale:1.0]]
[2019.11.16-15.56.19:327][  0]LogConfig: Applying CVar settings from Section [AntiAliasingQuality@3] File [C:/Users/Vive PC-2/Documents/Unreal Projects/MyProject/Saved/Config/Windows/Scalability.ini]
[2019.11.16-15.56.19:327][  0]LogConfig: Setting CVar [[r.PostProcessAAQuality:3]]
[2019.11.16-15.56.19:327][  0]LogConfig: Applying CVar settings from Section [ShadowQuality@3] File [C:/Users/Vive PC-2/Documents/Unreal Projects/MyProject/Saved/Config/Windows/Scalability.ini]
[2019.11.16-15.56.19:327][  0]LogConfig: Setting CVar [[r.LightFunctionQuality:1]]
[2019.11.16-15.56.19:327][  0]LogConfig: Setting CVar [[r.ShadowQuality:5]]
[2019.11.16-15.56.19:327][  0]LogConfig: Setting CVar [[r.Shadow.CSM.MaxCascades:10]]
[2019.11.16-15.56.19:327][  0]LogConfig: Setting CVar [[r.Shadow.MaxResolution:2048]]
[2019.11.16-15.56.19:327][  0]LogConfig: Setting CVar [[r.Shadow.MaxCSMResolution:2048]]
[2019.11.16-15.56.19:327][  0]LogConfig: Setting CVar [[r.Shadow.RadiusThreshold:0.01]]
[2019.11.16-15.56.19:327][  0]LogConfig: Setting CVar [[r.Shadow.DistanceScale:1.0]]
[2019.11.16-15.56.19:327][  0]LogConfig: Setting CVar [[r.Shadow.CSM.TransitionScale:1.0]]
[2019.11.16-15.56.19:327][  0]LogConfig: Setting CVar [[r.Shadow.PreShadowResolutionFactor:1.0]]
[2019.11.16-15.56.19:327][  0]LogConfig: Setting CVar [[r.DistanceFieldShadowing:1]]
[2019.11.16-15.56.19:327][  0]LogConfig: Setting CVar [[r.DistanceFieldAO:1]]
[2019.11.16-15.56.19:327][  0]LogConfig: Setting CVar [[r.AOQuality:2]]
[2019.11.16-15.56.19:327][  0]LogConfig: Setting CVar [[r.VolumetricFog:1]]
[2019.11.16-15.56.19:327][  0]LogConfig: Setting CVar [[r.VolumetricFog.GridPixelSize:8]]
[2019.11.16-15.56.19:327][  0]LogConfig: Setting CVar [[r.VolumetricFog.GridSizeZ:128]]
[2019.11.16-15.56.19:327][  0]LogConfig: Setting CVar [[r.VolumetricFog.HistoryMissSupersampleCount:4]]
[2019.11.16-15.56.19:327][  0]LogConfig: Setting CVar [[r.LightMaxDrawDistanceScale:1]]
[2019.11.16-15.56.19:327][  0]LogConfig: Setting CVar [[r.CapsuleShadows:1]]
[2019.11.16-15.56.19:327][  0]LogConfig: Applying CVar settings from Section [PostProcessQuality@3] File [C:/Users/Vive PC-2/Documents/Unreal Projects/MyProject/Saved/Config/Windows/Scalability.ini]
[2019.11.16-15.56.19:327][  0]LogConfig: Setting CVar [[r.MotionBlurQuality:0]]
[2019.11.16-15.56.19:327][  0]LogConfig: Setting CVar [[r.AmbientOcclusionMipLevelFactor:0.4]]
[2019.11.16-15.56.19:327][  0]LogConfig: Setting CVar [[r.AmbientOcclusionMaxQuality:100]]
[2019.11.16-15.56.19:327][  0]LogConfig: Setting CVar [[r.AmbientOcclusionLevels:0]]
[2019.11.16-15.56.19:327][  0]LogConfig: Setting CVar [[r.AmbientOcclusionRadiusScale:1.0]]
[2019.11.16-15.56.19:327][  0]LogConfig: Setting CVar [[r.DepthOfFieldQuality:0]]
[2019.11.16-15.56.19:327][  0]LogConfig: Setting CVar [[r.RenderTargetPoolMin:400]]
[2019.11.16-15.56.19:327][  0]LogConfig: Setting CVar [[r.LensFlareQuality:0]]
[2019.11.16-15.56.19:327][  0]LogConfig: Setting CVar [[r.SceneColorFringeQuality:0]]
[2019.11.16-15.56.19:327][  0]LogConfig: Setting CVar [[r.EyeAdaptationQuality:2]]
[2019.11.16-15.56.19:327][  0]LogConfig: Setting CVar [[r.BloomQuality:1]]
[2019.11.16-15.56.19:327][  0]LogConfig: Setting CVar [[r.FastBlurThreshold:0]]
[2019.11.16-15.56.19:328][  0]LogConfig: Setting CVar [[r.Upscale.Quality:3]]
[2019.11.16-15.56.19:328][  0]LogConfig: Setting CVar [[r.Tonemapper.GrainQuantization:1]]
[2019.11.16-15.56.19:328][  0]LogConfig: Setting CVar [[r.LightShaftQuality:1]]
[2019.11.16-15.56.19:328][  0]LogConfig: Setting CVar [[r.Filter.SizeScale:1]]
[2019.11.16-15.56.19:328][  0]LogConfig: Setting CVar [[r.Tonemapper.Quality:5]]
[2019.11.16-15.56.19:328][  0]LogConfig: Setting CVar [[r.DOF.Gather.AccumulatorQuality:1        ; higher gathering accumulator quality]]
[2019.11.16-15.56.19:328][  0]LogConfig: Setting CVar [[r.DOF.Gather.PostfilterMethod:1          ; Median3x3 postfilering method]]
[2019.11.16-15.56.19:328][  0]LogConfig: Setting CVar [[r.DOF.Gather.EnableBokehSettings:0       ; no bokeh simulation when gathering]]
[2019.11.16-15.56.19:328][  0]LogConfig: Setting CVar [[r.DOF.Gather.RingCount:4                 ; medium number of samples when gathering]]
[2019.11.16-15.56.19:328][  0]LogConfig: Setting CVar [[r.DOF.Scatter.ForegroundCompositing:1    ; additive foreground scattering]]
[2019.11.16-15.56.19:328][  0]LogConfig: Setting CVar [[r.DOF.Scatter.BackgroundCompositing:2    ; additive background scattering]]
[2019.11.16-15.56.19:328][  0]LogConfig: Setting CVar [[r.DOF.Scatter.EnableBokehSettings:1      ; bokeh simulation when scattering]]
[2019.11.16-15.56.19:328][  0]LogConfig: Setting CVar [[r.DOF.Scatter.MaxSpriteRatio:0.1         ; only a maximum of 10% of scattered bokeh]]
[2019.11.16-15.56.19:328][  0]LogConfig: Setting CVar [[r.DOF.Recombine.Quality:1                ; cheap slight out of focus]]
[2019.11.16-15.56.19:328][  0]LogConfig: Setting CVar [[r.DOF.Recombine.EnableBokehSettings:0    ; no bokeh simulation on slight out of focus]]
[2019.11.16-15.56.19:328][  0]LogConfig: Setting CVar [[r.DOF.TemporalAAQuality:1                ; more stable temporal accumulation]]
[2019.11.16-15.56.19:328][  0]LogConfig: Setting CVar [[r.DOF.Kernel.MaxForegroundRadius:0.025]]
[2019.11.16-15.56.19:328][  0]LogConfig: Setting CVar [[r.DOF.Kernel.MaxBackgroundRadius:0.025]]
[2019.11.16-15.56.19:328][  0]LogConfig: Applying CVar settings from Section [TextureQuality@3] File [C:/Users/Vive PC-2/Documents/Unreal Projects/MyProject/Saved/Config/Windows/Scalability.ini]
[2019.11.16-15.56.19:328][  0]LogConfig: Setting CVar [[r.Streaming.MipBias:0]]
[2019.11.16-15.56.19:328][  0]LogConfig: Setting CVar [[r.Streaming.AmortizeCPUToGPUCopy:0]]
[2019.11.16-15.56.19:328][  0]LogConfig: Setting CVar [[r.Streaming.MaxNumTexturesToStreamPerFrame:0]]
[2019.11.16-15.56.19:328][  0]LogConfig: Setting CVar [[r.Streaming.Boost:1]]
[2019.11.16-15.56.19:328][  0]LogConfig: Setting CVar [[r.MaxAnisotropy:8]]
[2019.11.16-15.56.19:328][  0]LogConfig: Setting CVar [[r.Streaming.LimitPoolSizeToVRAM:0]]
[2019.11.16-15.56.19:328][  0]LogConfig: Setting CVar [[r.Streaming.PoolSize:1000]]
[2019.11.16-15.56.19:328][  0]LogConfig: Setting CVar [[r.Streaming.MaxEffectiveScreenSize:0]]
[2019.11.16-15.56.19:328][  0]LogConfig: Applying CVar settings from Section [EffectsQuality@3] File [C:/Users/Vive PC-2/Documents/Unreal Projects/MyProject/Saved/Config/Windows/Scalability.ini]
[2019.11.16-15.56.19:328][  0]LogConfig: Setting CVar [[r.TranslucencyLightingVolumeDim:4]]
[2019.11.16-15.56.19:328][  0]LogConfig: Setting CVar [[r.RefractionQuality:2]]
[2019.11.16-15.56.19:328][  0]LogConfig: Setting CVar [[r.SSR.Quality:0]]
[2019.11.16-15.56.19:328][  0]LogConfig: Setting CVar [[r.SceneColorFormat:2]]
[2019.11.16-15.56.19:328][  0]LogConfig: Setting CVar [[r.DetailMode:2]]
[2019.11.16-15.56.19:328][  0]LogConfig: Setting CVar [[r.TranslucencyVolumeBlur:0]]
[2019.11.16-15.56.19:328][  0]LogConfig: Setting CVar [[r.MaterialQualityLevel:1 ; High quality]]
[2019.11.16-15.56.19:328][  0]LogConfig: Setting CVar [[r.SSS.Scale:1]]
[2019.11.16-15.56.19:328][  0]LogConfig: Setting CVar [[r.SSS.SampleSet:2]]
[2019.11.16-15.56.19:328][  0]LogConfig: Setting CVar [[r.SSS.Quality:1]]
[2019.11.16-15.56.19:328][  0]LogConfig: Setting CVar [[r.SSS.HalfRes:1]]
[2019.11.16-15.56.19:328][  0]LogConfig: Setting CVar [[r.EmitterSpawnRateScale:1.0]]
[2019.11.16-15.56.19:328][  0]LogConfig: Setting CVar [[r.ParticleLightQuality:2]]
[2019.11.16-15.56.19:328][  0]LogConfig: Applying CVar settings from Section [FoliageQuality@3] File [C:/Users/Vive PC-2/Documents/Unreal Projects/MyProject/Saved/Config/Windows/Scalability.ini]
[2019.11.16-15.56.19:328][  0]LogConfig: Setting CVar [[foliage.DensityScale:1.0]]
[2019.11.16-15.56.19:328][  0]LogConfig: Setting CVar [[grass.DensityScale:1.0]]
[2019.11.16-15.56.19:328][  0]LogConfig: Applying CVar settings from Section [Startup] File [../../../Engine/Config/ConsoleVariables.ini]
[2019.11.16-15.56.19:328][  0]LogConfig: Setting CVar [[net.UseAdaptiveNetUpdateFrequency:0]]
[2019.11.16-15.56.19:328][  0]LogConfig: Setting CVar [[p.chaos.AllowCreatePhysxBodies:1]]
[2019.11.16-15.56.19:329][  0]LogConfig: Applying CVar settings from Section [ConsoleVariables] File [C:/Users/Vive PC-2/Documents/Unreal Projects/MyProject/Saved/Config/Windows/Engine.ini]
[2019.11.16-15.56.19:329][  0]LogInit: Computer: VIVE-PC-3
[2019.11.16-15.56.19:329][  0]LogInit: User: VivePC2
[2019.11.16-15.56.19:329][  0]LogInit: CPU Page size=4096, Cores=8
[2019.11.16-15.56.19:329][  0]LogInit: High frequency timer resolution =10.000000 MHz
[2019.11.16-15.56.19:329][  0]LogMemory: Memory total: Physical=15.9GB (16GB approx)
[2019.11.16-15.56.19:329][  0]LogMemory: Platform Memory Stats for Windows
[2019.11.16-15.56.19:329][  0]LogMemory: Process Physical Memory: 108.02 MB used, 108.02 MB peak
[2019.11.16-15.56.19:329][  0]LogMemory: Process Virtual Memory: 107.18 MB used, 107.18 MB peak
[2019.11.16-15.56.19:329][  0]LogMemory: Physical Memory: 7156.54 MB used,  9175.90 MB free, 16332.44 MB total
[2019.11.16-15.56.19:329][  0]LogMemory: Virtual Memory: 4728.25 MB used,  134213000.00 MB free, 134217728.00 MB total
[2019.11.16-15.56.19:332][  0]LogWindows: WindowsPlatformFeatures enabled
[2019.11.16-15.56.19:356][  0]LogInit: Using OS detected language (en-GB).
[2019.11.16-15.56.19:356][  0]LogInit: Using OS detected locale (en-GB).
[2019.11.16-15.56.19:357][  0]LogTextLocalizationManager: No specific localization for 'en-GB' exists, so the 'en' localization will be used.
[2019.11.16-15.56.19:551][  0]LogInit: Setting process to per monitor DPI aware
[2019.11.16-15.56.19:589][  0]LogSlate: New Slate User Created.  User Index 0, Is Virtual User: 0
[2019.11.16-15.56.19:589][  0]LogSlate: Slate User Registered.  User Index 0, Is Virtual User: 0
[2019.11.16-15.56.19:787][  0]LogD3D11RHI: D3D11 adapters:
[2019.11.16-15.56.19:816][  0]LogD3D11RHI:    0. 'Radeon RX Vega' (Feature Level 11_0)
[2019.11.16-15.56.19:816][  0]LogD3D11RHI:       8120/0/8166 MB DedicatedVideo/DedicatedSystem/SharedSystem, Outputs:1, VendorId:0x1002
[2019.11.16-15.56.19:818][  0]LogD3D11RHI:    1. 'Microsoft Basic Render Driver' (Feature Level 11_0)
[2019.11.16-15.56.19:818][  0]LogD3D11RHI:       0/0/8166 MB DedicatedVideo/DedicatedSystem/SharedSystem, Outputs:0, VendorId:0x1414
[2019.11.16-15.56.19:818][  0]LogD3D11RHI: Chosen D3D11 Adapter: 0
[2019.11.16-15.56.19:829][  0]LogD3D11RHI: Creating new Direct3DDevice
[2019.11.16-15.56.19:829][  0]LogD3D11RHI:     GPU DeviceId: 0x687f (for the marketing name, search the web for "GPU Device Id")
[2019.11.16-15.56.19:829][  0]LogWindows: EnumDisplayDevices:
[2019.11.16-15.56.19:829][  0]LogWindows:    0. 'Radeon RX Vega' (P:1 D:1)
[2019.11.16-15.56.19:830][  0]LogWindows:    1. 'Radeon RX Vega' (P:0 D:0)
[2019.11.16-15.56.19:830][  0]LogWindows:    2. 'Radeon RX Vega' (P:0 D:0)
[2019.11.16-15.56.19:831][  0]LogWindows:    3. 'Radeon RX Vega' (P:0 D:0)
[2019.11.16-15.56.19:831][  0]LogWindows:    4. 'Radeon RX Vega' (P:0 D:0)
[2019.11.16-15.56.19:831][  0]LogWindows:    5. 'Radeon RX Vega' (P:0 D:0)
[2019.11.16-15.56.19:832][  0]LogWindows:    6. 'Radeon RX Vega' (P:0 D:0)
[2019.11.16-15.56.19:832][  0]LogWindows:    7. 'Radeon RX Vega' (P:0 D:0)
[2019.11.16-15.56.19:832][  0]LogWindows: DebugString: FoundDriverCount:8 
[2019.11.16-15.56.19:832][  0]LogD3D11RHI:     Adapter Name: Radeon RX Vega
[2019.11.16-15.56.19:832][  0]LogD3D11RHI:   Driver Version: Adrenalin 2019 19.1.1 (internal:25.20.15011.1004, unified:25.20.15011.1004)
[2019.11.16-15.56.19:832][  0]LogD3D11RHI:      Driver Date: 1-9-2019
[2019.11.16-15.56.19:832][  0]LogRHI: Texture pool is 5684 MB (70% of 8120 MB)
[2019.11.16-15.56.19:879][  0]LogD3D11RHI: Async texture creation enabled
[2019.11.16-15.56.19:891][  0]LogD3D11RHI: GPU Timing Frequency: 27.000000 (Debug: 2 1)
[2019.11.16-15.56.20:205][  0]LogTemp: Display: Module 'AllDesktopTargetPlatform' loaded TargetPlatform 'AllDesktop'
[2019.11.16-15.56.20:217][  0]LogTemp: Display: Module 'MacClientTargetPlatform' loaded TargetPlatform 'MacClient'
[2019.11.16-15.56.20:228][  0]LogTemp: Display: Module 'MacNoEditorTargetPlatform' loaded TargetPlatform 'MacNoEditor'
[2019.11.16-15.56.20:239][  0]LogTemp: Display: Module 'MacServerTargetPlatform' loaded TargetPlatform 'MacServer'
[2019.11.16-15.56.20:250][  0]LogTemp: Display: Module 'MacTargetPlatform' loaded TargetPlatform 'Mac'
[2019.11.16-15.56.20:261][  0]LogTemp: Display: Module 'WindowsClientTargetPlatform' loaded TargetPlatform 'WindowsClient'
[2019.11.16-15.56.20:272][  0]LogTemp: Display: Module 'WindowsNoEditorTargetPlatform' loaded TargetPlatform 'WindowsNoEditor'
[2019.11.16-15.56.20:284][  0]LogTemp: Display: Module 'WindowsServerTargetPlatform' loaded TargetPlatform 'WindowsServer'
[2019.11.16-15.56.20:289][  0]LogTemp: Display: Module 'WindowsTargetPlatform' loaded TargetPlatform 'Windows'
[2019.11.16-15.56.20:329][  0]LogTemp: Display: Module 'AndroidTargetPlatform' loaded TargetPlatform 'Android'
[2019.11.16-15.56.20:329][  0]LogTemp: Display: Module 'AndroidTargetPlatform' loaded TargetPlatform 'Android_ASTC'
[2019.11.16-15.56.20:329][  0]LogTemp: Display: Module 'AndroidTargetPlatform' loaded TargetPlatform 'Android_ATC'
[2019.11.16-15.56.20:329][  0]LogTemp: Display: Module 'AndroidTargetPlatform' loaded TargetPlatform 'Android_DXT'
[2019.11.16-15.56.20:329][  0]LogTemp: Display: Module 'AndroidTargetPlatform' loaded TargetPlatform 'Android_ETC1'
[2019.11.16-15.56.20:329][  0]LogTemp: Display: Module 'AndroidTargetPlatform' loaded TargetPlatform 'Android_ETC1a'
[2019.11.16-15.56.20:329][  0]LogTemp: Display: Module 'AndroidTargetPlatform' loaded TargetPlatform 'Android_ETC2'
[2019.11.16-15.56.20:329][  0]LogTemp: Display: Module 'AndroidTargetPlatform' loaded TargetPlatform 'Android_PVRTC'
[2019.11.16-15.56.20:329][  0]LogTemp: Display: Module 'AndroidTargetPlatform' loaded TargetPlatform 'AndroidClient'
[2019.11.16-15.56.20:329][  0]LogTemp: Display: Module 'AndroidTargetPlatform' loaded TargetPlatform 'Android_ASTCClient'
[2019.11.16-15.56.20:329][  0]LogTemp: Display: Module 'AndroidTargetPlatform' loaded TargetPlatform 'Android_ATCClient'
[2019.11.16-15.56.20:329][  0]LogTemp: Display: Module 'AndroidTargetPlatform' loaded TargetPlatform 'Android_DXTClient'
[2019.11.16-15.56.20:329][  0]LogTemp: Display: Module 'AndroidTargetPlatform' loaded TargetPlatform 'Android_ETC1Client'
[2019.11.16-15.56.20:329][  0]LogTemp: Display: Module 'AndroidTargetPlatform' loaded TargetPlatform 'Android_ETC1aClient'
[2019.11.16-15.56.20:329][  0]LogTemp: Display: Module 'AndroidTargetPlatform' loaded TargetPlatform 'Android_ETC2Client'
[2019.11.16-15.56.20:329][  0]LogTemp: Display: Module 'AndroidTargetPlatform' loaded TargetPlatform 'Android_PVRTCClient'
[2019.11.16-15.56.20:329][  0]LogTemp: Display: Module 'AndroidTargetPlatform' loaded TargetPlatform 'Android_Multi'
[2019.11.16-15.56.20:329][  0]LogTemp: Display: Module 'AndroidTargetPlatform' loaded TargetPlatform 'Android_MultiClient'
[2019.11.16-15.56.20:331][  0]LogTemp: Display: Module 'HTML5TargetPlatform' loaded TargetPlatform 'HTML5'
[2019.11.16-15.56.20:353][  0]LogTemp: Display: Module 'IOSTargetPlatform' loaded TargetPlatform 'IOSClient'
[2019.11.16-15.56.20:353][  0]LogTemp: Display: Module 'IOSTargetPlatform' loaded TargetPlatform 'IOS'
[2019.11.16-15.56.20:370][  0]LogTemp: Display: Module 'TVOSTargetPlatform' loaded TargetPlatform 'TVOSClient'
[2019.11.16-15.56.20:370][  0]LogTemp: Display: Module 'TVOSTargetPlatform' loaded TargetPlatform 'TVOS'
[2019.11.16-15.56.20:379][  0]LogTemp: Display: Module 'LinuxClientTargetPlatform' loaded TargetPlatform 'LinuxClient'
[2019.11.16-15.56.20:387][  0]LogTemp: Display: Module 'LinuxNoEditorTargetPlatform' loaded TargetPlatform 'LinuxNoEditor'
[2019.11.16-15.56.20:397][  0]LogTemp: Display: Module 'LinuxServerTargetPlatform' loaded TargetPlatform 'LinuxServer'
[2019.11.16-15.56.20:406][  0]LogTemp: Display: Module 'LinuxTargetPlatform' loaded TargetPlatform 'Linux'
[2019.11.16-15.56.20:437][  0]LogTemp: Display: Module 'LuminTargetPlatform' loaded TargetPlatform 'Lumin'
[2019.11.16-15.56.20:437][  0]LogTemp: Display: Module 'LuminTargetPlatform' loaded TargetPlatform 'LuminClient'
[2019.11.16-15.56.20:437][  0]LogTargetPlatformManager: Display: Building Assets For Windows
[2019.11.16-15.56.20:449][  0]LogAudioDebug: Display: Lib vorbis DLL was dynamically loaded.
[2019.11.16-15.56.20:516][  0]LogShaderCompilers: Guid format shader working directory is -19 characters bigger than the processId version (../../../../../../Users/Vive PC-2/Documents/Unreal Projects/MyProject/Intermediate/Shaders/WorkingDirectory/9860/).
[2019.11.16-15.56.20:516][  0]LogShaderCompilers: Cleaned the shader compiler working directory 'C:/Users/Vive PC-2/AppData/Local/Temp/UnrealShaderWorkingDir/13A843D042933E637ACD09AE88660892/'.
[2019.11.16-15.56.20:519][  0]LogXGEController: Cannot use XGE Controller as Incredibuild is not installed on this machine.
[2019.11.16-15.56.20:519][  0]LogShaderCompilers: Cannot use XGE Shader Compiler as Incredibuild is not installed on this machine.
[2019.11.16-15.56.20:519][  0]LogShaderCompilers: Display: Using Local Shader Compiler.
[2019.11.16-15.56.21:243][  0]LogDerivedDataCache: Display: Max Cache Size: 512 MB
[2019.11.16-15.56.21:302][  0]LogDerivedDataCache: Loaded boot cache 0.06s 79MB C:/Users/Vive PC-2/AppData/Local/UnrealEngine/4.23/DerivedDataCache/Boot.ddc.
[2019.11.16-15.56.21:302][  0]LogDerivedDataCache: Display: Loaded Boot cache: C:/Users/Vive PC-2/AppData/Local/UnrealEngine/4.23/DerivedDataCache/Boot.ddc
[2019.11.16-15.56.21:303][  0]LogDerivedDataCache: FDerivedDataBackendGraph:  Pak pak cache file ../../../../../../Users/Vive PC-2/Documents/Unreal Projects/MyProject/DerivedDataCache/DDC.ddp not found, will not use a pak cache.
[2019.11.16-15.56.21:303][  0]LogDerivedDataCache: Unable to find inner node Pak for hierarchical cache Hierarchy.
[2019.11.16-15.56.21:303][  0]LogDerivedDataCache: FDerivedDataBackendGraph:  CompressedPak pak cache file ../../../../../../Users/Vive PC-2/Documents/Unreal Projects/MyProject/DerivedDataCache/Compressed.ddp not found, will not use a pak cache.
[2019.11.16-15.56.21:303][  0]LogDerivedDataCache: Unable to find inner node CompressedPak for hierarchical cache Hierarchy.
[2019.11.16-15.56.21:316][  0]LogDerivedDataCache: Display: Pak cache opened for reading ../../../Engine/DerivedDataCache/Compressed.ddp.
[2019.11.16-15.56.21:316][  0]LogDerivedDataCache: FDerivedDataBackendGraph:  EnterprisePak pak cache file ../../../Enterprise/DerivedDataCache/Compressed.ddp not found, will not use a pak cache.
[2019.11.16-15.56.21:316][  0]LogDerivedDataCache: Unable to find inner node EnterprisePak for hierarchical cache Hierarchy.
[2019.11.16-15.56.21:317][  0]LogDerivedDataCache: Using Local data cache path C:/Users/Vive PC-2/AppData/Local/UnrealEngine/Common/DerivedDataCache: Writable
[2019.11.16-15.56.21:317][  0]LogDerivedDataCache: Shared data cache path not found in *engine.ini, will not use an Shared cache.
[2019.11.16-15.56.21:317][  0]LogDerivedDataCache: Unable to find inner node Shared for hierarchical cache Hierarchy.
[2019.11.16-15.56.21:347][  0]LogMaterial: Verifying Global Shaders for PCD3D_SM5
[2019.11.16-15.56.21:350][  0]LogSlate: Using FreeType 2.6.0
[2019.11.16-15.56.21:351][  0]LogSlate: SlateFontServices - WITH_FREETYPE: 1, WITH_HARFBUZZ: 1
[2019.11.16-15.56.21:413][  0]LogAssetRegistry: FAssetRegistry took 0.0029 seconds to start up
[2019.11.16-15.56.21:727][  0]LogInit: Selected Device Profile: [Windows]
[2019.11.16-15.56.21:888][  0]LogMeshReduction: Using QuadricMeshReduction for automatic static mesh reduction
[2019.11.16-15.56.21:888][  0]LogMeshReduction: Using SimplygonMeshReduction for automatic skeletal mesh reduction
[2019.11.16-15.56.21:888][  0]LogMeshReduction: Using ProxyLODMeshReduction for automatic mesh merging
[2019.11.16-15.56.21:888][  0]LogMeshReduction: No distributed automatic mesh merging module available
[2019.11.16-15.56.21:888][  0]LogMeshMerging: No distributed automatic mesh merging module available
[2019.11.16-15.56.21:899][  0]LogNetVersion: MyProject 1.0.0, NetCL: 8386587, EngineNetVer: 11, GameNetVer: 0 (Checksum: 2896792207)
[2019.11.16-15.56.22:397][  0]LogPackageLocalizationCache: Processed 12 localized package path(s) for 1 prioritized culture(s) in 0.070584 seconds
[2019.11.16-15.56.22:408][  0]LogUObjectArray: 43444 objects as part of root set at end of initial load.
[2019.11.16-15.56.22:408][  0]LogUObjectAllocator: 7548648 out of 0 bytes used by permanent object pool.
[2019.11.16-15.56.22:408][  0]LogUObjectArray: CloseDisregardForGC: 0/0 objects in disregard for GC pool
[2019.11.16-15.56.23:354][  0]LogTcpMessaging: Initializing TcpMessaging bridge
[2019.11.16-15.56.23:358][  0]LogUdpMessaging: Initializing bridge on interface 0.0.0.0:0 to multicast group 230.0.0.1:6666.
[2019.11.16-15.56.23:424][  0]SourceControl: Source control is disabled
[2019.11.16-15.56.23:424][  0]SourceControl: Source control is disabled
[2019.11.16-15.56.23:426][  0]SourceControl: Source control is disabled
[2019.11.16-15.56.23:427][  0]SourceControl: Source control is disabled
[2019.11.16-15.56.23:536][  0]LogAndroidPermission: UAndroidPermissionCallbackProxy::GetInstance
[2019.11.16-15.56.23:711][  0]LogOcInput: OculusInput pre-init called
[2019.11.16-15.56.24:387][  0]LogEngine: Initializing Engine...
[2019.11.16-15.56.24:387][  0]LogHMD: Oculus plugin initialized. Version: 4.23.1-9631420+++UE4+Release-4.23, OVRPlugin: 1.37.0
[2019.11.16-15.56.24:388][  0]LogStats: UGameplayTagsManager::InitializeManager -  0.000 s
[2019.11.16-15.56.24:644][  0]LogInit: Initializing FReadOnlyCVARCache
[2019.11.16-15.56.24:661][  0]LogAIModule: Creating AISystem for world Untitled
[2019.11.16-15.56.24:701][  0]LogInit: XAudio2 using 'Headphones (2- Rift Audio)' : 2 channels at 48 kHz using 16 bits per sample (channel mask 0x3)
[2019.11.16-15.56.24:719][  0]LogInit: FAudioDevice initialized.
[2019.11.16-15.56.24:719][  0]LogNetVersion: Set ProjectVersion to 1.0.0.0. Version Checksum will be recalculated on next use.
[2019.11.16-15.56.24:790][  0]LogDerivedDataCache: Saved boot cache 0.07s 93MB C:/Users/Vive PC-2/AppData/Local/UnrealEngine/4.23/DerivedDataCache/Boot.ddc.
[2019.11.16-15.56.24:803][  0]LogInit: Texture streaming: Enabled
[2019.11.16-15.56.24:828][  0]LogEngineSessionManager: EngineSessionManager initialized
[2019.11.16-15.56.24:828][  0]LogEditorSessionSummary: Verbose: Initializing EditorSessionSummaryWriter for editor session tracking
[2019.11.16-15.56.24:828][  0]LogEditorSessionSummary: EditorSessionSummaryWriter initialized
[2019.11.16-15.56.24:896][  0]LogInit: Transaction tracking system initialized
[2019.11.16-15.56.24:935][  0]BlueprintLog: New page: Editor Load
[2019.11.16-15.56.25:030][  0]LocalizationService: Localization service is disabled
[2019.11.16-15.56.25:305][  0]LogFileCache: Scanning file cache for directory 'C:/Users/Vive PC-2/Documents/Unreal Projects/MyProject/Content/' took 0.00s
[2019.11.16-15.56.25:305][  0]LogCook: Display: Max memory allowance for cook 16384mb min free memory 0mb
[2019.11.16-15.56.25:305][  0]LogCook: Display: Mobile HDR setting 1
[2019.11.16-15.56.25:516][  0]SourceControl: Source control is disabled
[2019.11.16-15.56.25:517][  0]Cmd: MAP LOAD FILE="../../../../../../Users/Vive PC-2/Documents/Unreal Projects/MyProject/Content/VirtualRealityBP/Maps/StartupMap.umap" TEMPLATE=0 SHOWPROGRESS=1 FEATURELEVEL=3
[2019.11.16-15.56.25:517][  0]LightingResults: New page: Lighting Build
[2019.11.16-15.56.25:520][  0]LogWorld: UWorld::CleanupWorld for Untitled, bSessionEnded=true, bCleanupResources=true
[2019.11.16-15.56.25:520][  0]MapCheck: New page: Map Check
[2019.11.16-15.56.25:521][  0]LightingResults: New page: Lighting Build
[2019.11.16-15.56.25:562][  0]LogUObjectHash: Compacting FUObjectHashTables data took   1.89ms
[2019.11.16-15.56.25:655][  0]LogAIModule: Creating AISystem for world StartupMap
[2019.11.16-15.56.25:660][  0]LogEditorServer: Finished looking for orphan Actors (0.000 secs)
[2019.11.16-15.56.25:704][  0]LogUObjectHash: Compacting FUObjectHashTables data took   2.19ms
[2019.11.16-15.56.25:704][  0]Cmd: MAP CHECKDEP NOCLEARLOG
[2019.11.16-15.56.25:704][  0]MapCheck: Map check complete: 0 Error(s), 0 Warning(s), took 0.288ms to complete.
[2019.11.16-15.56.25:704][  0]LogFileHelpers: Loading map 'StartupMap' took 0.188
[2019.11.16-15.56.25:803][  0]LogSlate: Updating window title bar state: overlay mode, drag disabled, window buttons hidden, title bar hidden
[2019.11.16-15.56.25:811][  0]LogSlate: Updating window title bar state: overlay mode, drag disabled, window buttons hidden, title bar hidden
[2019.11.16-15.56.25:819][  0]LogSlate: Updating window title bar state: overlay mode, drag disabled, window buttons hidden, title bar hidden
[2019.11.16-15.56.25:829][  0]LogSlate: Updating window title bar state: overlay mode, drag disabled, window buttons hidden, title bar hidden
[2019.11.16-15.56.25:837][  0]LogCollectionManager: Loaded 0 collections in 0.002282 seconds
[2019.11.16-15.56.25:843][  0]LogFileCache: Scanning file cache for directory 'C:/Users/Vive PC-2/Documents/Unreal Projects/MyProject/Saved/Collections/' took 0.00s
[2019.11.16-15.56.25:843][  0]LogFileCache: Scanning file cache for directory 'C:/Users/Vive PC-2/Documents/Unreal Projects/MyProject/Content/Developers/VivePC2/Collections/' took 0.00s
[2019.11.16-15.56.25:844][  0]LogFileCache: Scanning file cache for directory 'C:/Users/Vive PC-2/Documents/Unreal Projects/MyProject/Content/Collections/' took 0.00s
[2019.11.16-15.56.25:844][  0]LogCollectionManager: Rebuilt the GUID cache for 0 collections in 0.000002 seconds
[2019.11.16-15.56.25:854][  0]LogContentBrowser: Native class hierarchy populated in 0.0099 seconds. Added 2863 classes and 680 folders.
[2019.11.16-15.56.25:861][  0]LogContentBrowser: Native class hierarchy updated for 'WidgetCarousel' in 0.0002 seconds. Added 0 classes and 0 folders.
[2019.11.16-15.56.25:905][  0]LogContentBrowser: Native class hierarchy updated for 'AddContentDialog' in 0.0003 seconds. Added 0 classes and 0 folders.
[2019.11.16-15.56.25:911][  0]LogContentBrowser: Native class hierarchy updated for 'SceneOutliner' in 0.0003 seconds. Added 1 classes and 2 folders.
[2019.11.16-15.56.25:926][  0]LogSlate: Took 0.000243 seconds to synchronously load lazily loaded font '../../../Engine/Content/Slate/Fonts/Roboto-Regular.ttf' (155K)
[2019.11.16-15.56.25:928][  0]LogSlate: Took 0.000199 seconds to synchronously load lazily loaded font '../../../Engine/Content/Slate/Fonts/Roboto-Bold.ttf' (160K)
[2019.11.16-15.56.25:933][  0]LogSlate: Took 0.000232 seconds to synchronously load lazily loaded font '../../../Engine/Content/Editor/Slate/Fonts/FontAwesome.ttf' (139K)
[2019.11.16-15.56.25:994][  0]LogRenderer: Reallocating scene render targets to support 1616x808 Format 26 NumSamples 1 (Frame:1).
[2019.11.16-15.56.26:155][  0]LogContentBrowser: Native class hierarchy updated for 'HierarchicalLODOutliner' in 0.0003 seconds. Added 0 classes and 0 folders.
[2019.11.16-15.56.26:155][  0]LogLoad: (Engine Initialization) Total time: 8.25 seconds
[2019.11.16-15.56.26:155][  0]LogLoad: (Engine Initialization) Total Blueprint compile time: 0.00 seconds
[2019.11.16-15.56.26:170][  0]LogOcInput: OculusInput is initialized
[2019.11.16-15.56.26:211][  0]LogAssetRegistry: Asset discovery search completed in 4.7991 seconds
[2019.11.16-15.56.26:215][  0]LogCollectionManager: Rebuilt the object cache for 0 collections in 0.000005 seconds (found 0 objects)
[2019.11.16-15.56.26:215][  0]LogCollectionManager: Fixed up redirectors for 0 collections in 0.000053 seconds (updated 0 objects)
[2019.11.16-15.56.26:216][  0]LogContentStreaming: Texture pool size now 1000 MB
[2019.11.16-15.56.28:441][148]LogSlate: FSceneViewport::OnFocusLost() reason 5
[2019.11.16-15.56.29:531][277]LogSlate: FSceneViewport::OnFocusLost() reason 5
[2019.11.16-15.56.30:914][427]LogUObjectHash: Compacting FUObjectHashTables data took   0.76ms
[2019.11.16-15.56.30:916][427]Cmd: MAP LOAD FILE="../../../../../../Users/Vive PC-2/Documents/Unreal Projects/MyProject/Content/VirtualRealityBP/Maps/MotionControllerMap.umap" TEMPLATE=0 SHOWPROGRESS=1 FEATURELEVEL=3
[2019.11.16-15.56.30:919][427]LogSlate: Took 0.000191 seconds to synchronously load lazily loaded font '../../../Engine/Content/Slate/Fonts/Roboto-Light.ttf' (167K)
[2019.11.16-15.56.30:933][427]LightingResults: New page: Lighting Build
[2019.11.16-15.56.30:933][427]LoadErrors: New page: Loading map: MotionControllerMap.umap
[2019.11.16-15.56.30:934][427]LogWorld: UWorld::CleanupWorld for StartupMap, bSessionEnded=true, bCleanupResources=true
[2019.11.16-15.56.30:935][427]MapCheck: New page: Map Check
[2019.11.16-15.56.30:935][427]LightingResults: New page: Lighting Build
[2019.11.16-15.56.30:978][427]LogUObjectHash: Compacting FUObjectHashTables data took   1.87ms
[2019.11.16-15.56.31:250][427]LogAIModule: Creating AISystem for world MotionControllerMap
[2019.11.16-15.56.31:264][427]LogEditorServer: Finished looking for orphan Actors (0.000 secs)
[2019.11.16-15.56.31:310][427]LogUObjectHash: Compacting FUObjectHashTables data took   2.58ms
[2019.11.16-15.56.31:343][427]Cmd: MAP CHECKDEP NOCLEARLOG
[2019.11.16-15.56.31:343][427]MapCheck: Map check complete: 0 Error(s), 0 Warning(s), took 0.185ms to complete.
[2019.11.16-15.56.31:343][427]LogFileHelpers: Loading map 'MotionControllerMap' took 0.429
[2019.11.16-15.56.31:343][427]LogSlate: Window 'Open Level' being destroyed
[2019.11.16-15.56.32:322][536]LogSlate: FSceneViewport::OnFocusLost() reason 0
[2019.11.16-15.57.20:451][310]Cmd: CLOSE_SLATE_MAINFRAME
[2019.11.16-15.57.20:491][310]LogUObjectHash: Compacting FUObjectHashTables data took   0.78ms
[2019.11.16-15.57.20:569][310]LogSlate: Window 'Plugins' being destroyed
[2019.11.16-15.57.20:573][310]LogDirectoryWatcher: A directory notification for '../../../Engine/Plugins/' was aborted.
[2019.11.16-15.57.20:574][310]LogSlate: Window 'MyProject - Unreal Editor' being destroyed
[2019.11.16-15.57.20:575][310]LogWindowsTextInputMethodSystem: Display: IME system now deactivated.
[2019.11.16-15.57.20:787][311]Cmd: QUIT_EDITOR
[2019.11.16-15.57.20:823][311]LogExit: Preparing to exit.
[2019.11.16-15.57.21:418][311]LogDemo: Cleaned up 0 splitscreen connections with owner deletion
[2019.11.16-15.57.21:423][311]LogWorld: UWorld::CleanupWorld for None, bSessionEnded=true, bCleanupResources=true
[2019.11.16-15.57.21:423][311]LogExit: Editor shut down
[2019.11.16-15.57.21:423][311]LogExit: Transaction tracking system shut down
[2019.11.16-15.57.21:601][311]LogExit: Object subsystem successfully closed.
[2019.11.16-15.57.21:634][311]LogShaderCompilers: Display: Shaders left to compile 0
[2019.11.16-15.57.21:669][311]LogModuleManager: Shutting down and abandoning module HierarchicalLODOutliner (669)
[2019.11.16-15.57.21:669][311]LogModuleManager: Shutting down and abandoning module SceneOutliner (667)
[2019.11.16-15.57.21:669][311]LogModuleManager: Shutting down and abandoning module AddContentDialog (665)
[2019.11.16-15.57.21:670][311]LogModuleManager: Shutting down and abandoning module WidgetCarousel (664)
[2019.11.16-15.57.21:670][311]LogModuleManager: Shutting down and abandoning module EditorWidgets (661)
[2019.11.16-15.57.21:670][311]LogModuleManager: Shutting down and abandoning module CollectionManager (659)
[2019.11.16-15.57.21:670][311]LogModuleManager: Shutting down and abandoning module StatsViewer (657)
[2019.11.16-15.57.21:670][311]LogModuleManager: Shutting down and abandoning module VirtualTexturingEditor (655)
[2019.11.16-15.57.21:670][311]LogModuleManager: Shutting down and abandoning module FoliageEdit (653)
[2019.11.16-15.57.21:670][311]LogModuleManager: Shutting down and abandoning module LandscapeEditor (651)
[2019.11.16-15.57.21:670][311]LogModuleManager: Shutting down and abandoning module MeshPaintMode (649)
[2019.11.16-15.57.21:670][311]LogModuleManager: Shutting down and abandoning module SceneDepthPickerMode (647)
[2019.11.16-15.57.21:670][311]LogModuleManager: Shutting down and abandoning module ActorPickerMode (645)
[2019.11.16-15.57.21:670][311]LogModuleManager: Shutting down and abandoning module GeometryMode (643)
[2019.11.16-15.57.21:670][311]LogModuleManager: Shutting down and abandoning module TextureAlignMode (641)
[2019.11.16-15.57.21:670][311]LogModuleManager: Shutting down and abandoning module BspMode (639)
[2019.11.16-15.57.21:670][311]LogModuleManager: Shutting down and abandoning module PIEPreviewDeviceProfileSelector (637)
[2019.11.16-15.57.21:670][311]LogModuleManager: Shutting down and abandoning module SequenceRecorderSections (635)
[2019.11.16-15.57.21:670][311]LogModuleManager: Shutting down and abandoning module AutomationWorker (633)
[2019.11.16-15.57.21:670][311]LogModuleManager: Shutting down and abandoning module OculusMR (631)
[2019.11.16-15.57.21:670][311]LogModuleManager: Shutting down and abandoning module AudioCaptureEditor (629)
[2019.11.16-15.57.21:670][311]LogModuleManager: Shutting down and abandoning module MatineeToLevelSequence (627)
[2019.11.16-15.57.21:670][311]LogModuleManager: Shutting down and abandoning module LevelSequenceEditor (625)
[2019.11.16-15.57.21:670][311]LogModuleManager: Shutting down and abandoning module PlacementMode (624)
[2019.11.16-15.57.21:670][311]LogModuleManager: Shutting down and abandoning module MaterialEditor (623)
[2019.11.16-15.57.21:671][311]LogModuleManager: Shutting down and abandoning module ActorSequenceEditor (619)
[2019.11.16-15.57.21:671][311]LogModuleManager: Shutting down and abandoning module WmfMediaFactory (617)
[2019.11.16-15.57.21:671][311]LogModuleManager: Shutting down and abandoning module WmfMediaEditor (615)
[2019.11.16-15.57.21:671][311]LogModuleManager: Shutting down and abandoning module WebMMediaFactory (613)
[2019.11.16-15.57.21:671][311]LogModuleManager: Shutting down and abandoning module WebMMediaEditor (611)
[2019.11.16-15.57.21:671][311]LogModuleManager: Shutting down and abandoning module WebMMedia (609)
[2019.11.16-15.57.21:671][311]LogModuleManager: Shutting down and abandoning module MediaPlayerEditor (607)
[2019.11.16-15.57.21:671][311]LogModuleManager: Shutting down and abandoning module MediaCompositingEditor (605)
[2019.11.16-15.57.21:671][311]LogModuleManager: Shutting down and abandoning module SequenceRecorder (604)
[2019.11.16-15.57.21:671][311]LogModuleManager: Shutting down and abandoning module OpenExrWrapper (601)
[2019.11.16-15.57.21:671][311]LogModuleManager: Shutting down and abandoning module ImgMediaFactory (599)
[2019.11.16-15.57.21:671][311]LogModuleManager: Shutting down and abandoning module ImgMediaEditor (597)
[2019.11.16-15.57.21:671][311]LogModuleManager: Shutting down and abandoning module AvfMediaFactory (595)
[2019.11.16-15.57.21:671][311]LogModuleManager: Shutting down and abandoning module AvfMediaEditor (593)
[2019.11.16-15.57.21:671][311]LogModuleManager: Shutting down and abandoning module AndroidMediaFactory (591)
[2019.11.16-15.57.21:671][311]LogModuleManager: Shutting down and abandoning module AndroidMediaEditor (589)
[2019.11.16-15.57.21:671][311]LogModuleManager: Shutting down and abandoning module MagicLeapCameraPreviewFactory (587)
[2019.11.16-15.57.21:671][311]LogModuleManager: Shutting down and abandoning module MagicLeapMediaCodecFactory (585)
[2019.11.16-15.57.21:671][311]LogModuleManager: Shutting down and abandoning module MagicLeapMediaFactory (583)
[2019.11.16-15.57.21:671][311]LogModuleManager: Shutting down and abandoning module MagicLeapMediaEditor (581)
[2019.11.16-15.57.21:671][311]LogModuleManager: Shutting down and abandoning module CharacterAI (579)
[2019.11.16-15.57.21:671][311]LogModuleManager: Shutting down and abandoning module SmartSnapping (577)
[2019.11.16-15.57.21:671][311]LogModuleManager: Shutting down and abandoning module SessionServices (575)
[2019.11.16-15.57.21:671][311]LogModuleManager: Shutting down and abandoning module MeshPaint (573)
[2019.11.16-15.57.21:671][311]LogModuleManager: Shutting down and abandoning module ViewportSnapping (571)
[2019.11.16-15.57.21:671][311]LogModuleManager: Shutting down and abandoning module ViewportInteraction (569)
[2019.11.16-15.57.21:671][311]LogModuleManager: Shutting down and abandoning module ClothPainter (567)
[2019.11.16-15.57.21:671][311]LogModuleManager: Shutting down and abandoning module SkeletalMeshEditor (566)
[2019.11.16-15.57.21:671][311]LogModuleManager: Shutting down and abandoning module LogVisualizer (563)
[2019.11.16-15.57.21:671][311]LogModuleManager: Shutting down and abandoning module IntroTutorials (561)
[2019.11.16-15.57.21:671][311]LogModuleManager: Shutting down and abandoning module GameProjectGeneration (560)
[2019.11.16-15.57.21:671][311]LogModuleManager: Shutting down and abandoning module LuminPlatformEditor (557)
[2019.11.16-15.57.21:671][311]LogModuleManager: Shutting down and abandoning module IOSPlatformEditor (555)
[2019.11.16-15.57.21:671][311]LogModuleManager: Shutting down and abandoning module HTML5PlatformEditor (553)
[2019.11.16-15.57.21:671][311]LogModuleManager: Shutting down and abandoning module AndroidPlatformEditor (551)
[2019.11.16-15.57.21:671][311]LogModuleManager: Shutting down and abandoning module AndroidDeviceDetection (550)
[2019.11.16-15.57.22:107][311]LogModuleManager: Shutting down and abandoning module WindowsPlatformEditor (547)
[2019.11.16-15.57.22:107][311]LogModuleManager: Shutting down and abandoning module LuminRuntimeSettings (545)
[2019.11.16-15.57.22:107][311]LogModuleManager: Shutting down and abandoning module IOSRuntimeSettings (543)
[2019.11.16-15.57.22:107][311]LogModuleManager: Shutting down and abandoning module AndroidRuntimeSettings (541)
[2019.11.16-15.57.22:108][311]LogModuleManager: Shutting down and abandoning module TimeManagementEditor (539)
[2019.11.16-15.57.22:108][311]LogModuleManager: Shutting down and abandoning module InputBindingEditor (537)
[2019.11.16-15.57.22:108][311]LogModuleManager: Shutting down and abandoning module MergeActors (535)
[2019.11.16-15.57.22:108][311]LogModuleManager: Shutting down and abandoning module LocalizationDashboard (533)
[2019.11.16-15.57.22:108][311]LogModuleManager: Shutting down and abandoning module LocalizationService (532)
[2019.11.16-15.57.22:108][311]LogModuleManager: Shutting down and abandoning module HardwareTargeting (529)
[2019.11.16-15.57.22:108][311]LogModuleManager: Shutting down and abandoning module DeviceProfileEditor (527)
[2019.11.16-15.57.22:108][311]LogModuleManager: Shutting down and abandoning module UndoHistory (525)
[2019.11.16-15.57.22:108][311]LogModuleManager: Shutting down and abandoning module XmlParser (523)
[2019.11.16-15.57.22:108][311]LogModuleManager: Shutting down and abandoning module Blutility (521)
[2019.11.16-15.57.22:108][311]LogModuleManager: Shutting down and abandoning module ProjectSettingsViewer (519)
[2019.11.16-15.57.22:108][311]LogModuleManager: Shutting down and abandoning module ProjectTargetPlatformEditor (518)
[2019.11.16-15.57.22:108][311]LogModuleManager: Shutting down and abandoning module EditorSettingsViewer (515)
[2019.11.16-15.57.22:108][311]LogModuleManager: Shutting down and abandoning module SettingsEditor (513)
[2019.11.16-15.57.22:108][311]LogModuleManager: Shutting down and abandoning module ProjectLauncher (511)
[2019.11.16-15.57.22:108][311]LogModuleManager: Shutting down and abandoning module SessionFrontend (509)
[2019.11.16-15.57.22:108][311]LogModuleManager: Shutting down and abandoning module ProfilerClient (507)
[2019.11.16-15.57.22:108][311]LogModuleManager: Shutting down and abandoning module DeviceManager (505)
[2019.11.16-15.57.22:108][311]LogModuleManager: Shutting down and abandoning module TargetDeviceServices (504)
[2019.11.16-15.57.22:163][311]LogModuleManager: Shutting down and abandoning module AutomationController (501)
[2019.11.16-15.57.22:163][311]LogModuleManager: Shutting down and abandoning module AutomationWindow (499)
[2019.11.16-15.57.22:163][311]LogModuleManager: Shutting down and abandoning module Layers (497)
[2019.11.16-15.57.22:163][311]LogModuleManager: Shutting down and abandoning module ComponentVisualizers (495)
[2019.11.16-15.57.22:163][311]LogModuleManager: Shutting down and abandoning module DetailCustomizations (493)
[2019.11.16-15.57.22:163][311]LogModuleManager: Shutting down and abandoning module PackagesDialog (491)
[2019.11.16-15.57.22:163][311]LogModuleManager: Shutting down and abandoning module AnimationBlueprintEditor (489)
[2019.11.16-15.57.22:163][311]LogModuleManager: Shutting down and abandoning module Persona (487)
[2019.11.16-15.57.22:163][311]LogModuleManager: Shutting down and abandoning module AdvancedPreviewScene (486)
[2019.11.16-15.57.22:163][311]LogModuleManager: Shutting down and abandoning module AnimGraph (484)
[2019.11.16-15.57.22:163][311]LogModuleManager: Shutting down and abandoning module Kismet (481)
[2019.11.16-15.57.22:163][311]LogModuleManager: Shutting down and abandoning module KismetWidgets (480)
[2019.11.16-15.57.22:164][311]LogModuleManager: Shutting down and abandoning module GraphEditor (477)
[2019.11.16-15.57.22:164][311]LogModuleManager: Shutting down and abandoning module StructViewer (475)
[2019.11.16-15.57.22:164][311]LogModuleManager: Shutting down and abandoning module ClassViewer (473)
[2019.11.16-15.57.22:164][311]LogModuleManager: Shutting down and abandoning module Toolbox (471)
[2019.11.16-15.57.22:164][311]LogModuleManager: Shutting down and abandoning module ModuleUI (469)
[2019.11.16-15.57.22:164][311]LogModuleManager: Shutting down and abandoning module MovieSceneTools (467)
[2019.11.16-15.57.22:164][311]LogModuleManager: Shutting down and abandoning module OutputLog (465)
[2019.11.16-15.57.22:164][311]LogModuleManager: Shutting down and abandoning module GammaUI (463)
[2019.11.16-15.57.22:164][311]LogModuleManager: Shutting down and abandoning module Documentation (461)
[2019.11.16-15.57.22:164][311]LogModuleManager: Shutting down and abandoning module LiveCoding (459)
[2019.11.16-15.57.22:164][311]LogModuleManager: Shutting down and abandoning module LevelSequence (457)
[2019.11.16-15.57.22:164][311]LogModuleManager: Shutting down and abandoning module MovieSceneTracks (455)
[2019.11.16-15.57.22:164][311]LogModuleManager: Shutting down and abandoning module MovieScene (453)
[2019.11.16-15.57.22:164][311]LogModuleManager: Shutting down and abandoning module StreamingPauseRendering (451)
[2019.11.16-15.57.22:164][311]LogModuleManager: Shutting down and abandoning module LauncherPlatform (449)
[2019.11.16-15.57.22:164][311]LogModuleManager: Shutting down and abandoning module AnalyticsET (447)
[2019.11.16-15.57.22:164][311]LogModuleManager: Shutting down and abandoning module PortalServices (445)
[2019.11.16-15.57.22:164][311]LogModuleManager: Shutting down and abandoning module PortalRpc (443)
[2019.11.16-15.57.22:164][311]LogModuleManager: Shutting down and abandoning module MessagingRpc (441)
[2019.11.16-15.57.22:164][311]LogModuleManager: Shutting down and abandoning module AIModule (439)
[2019.11.16-15.57.22:164][311]LogModuleManager: Shutting down and abandoning module GameplayDebugger (438)
[2019.11.16-15.57.22:164][311]LogModuleManager: Shutting down and abandoning module AITestSuite (436)
[2019.11.16-15.57.22:164][311]LogModuleManager: Shutting down and abandoning module NavigationSystem (434)
[2019.11.16-15.57.22:164][311]LogModuleManager: Shutting down and abandoning module DesktopPlatform (431)
[2019.11.16-15.57.22:164][311]LogModuleManager: Shutting down and abandoning module ImageWriteQueue (429)
[2019.11.16-15.57.22:168][311]LogModuleManager: Shutting down and abandoning module ProfilerService (427)
[2019.11.16-15.57.22:400][311]LogModuleManager: Shutting down and abandoning module TaskGraph (425)
[2019.11.16-15.57.22:400][311]LogModuleManager: Shutting down and abandoning module ScreenshotTools (423)
[2019.11.16-15.57.22:401][311]LogModuleManager: Shutting down and abandoning module SteamVRController (421)
[2019.11.16-15.57.22:401][311]LogModuleManager: Shutting down and abandoning module ProceduralMeshComponentEditor (419)
[2019.11.16-15.57.22:401][311]LogModuleManager: Shutting down and abandoning module ProceduralMeshComponent (417)
[2019.11.16-15.57.22:401][311]LogModuleManager: Shutting down and abandoning module OculusEditor (415)
[2019.11.16-15.57.22:401][311]LogModuleManager: Shutting down and abandoning module OculusInput (413)
[2019.11.16-15.57.22:401][311]LogModuleManager: Shutting down and abandoning module MobilePatchingUtils (411)
[2019.11.16-15.57.22:401][311]LogModuleManager: Shutting down and abandoning module EditableMesh (409)
[2019.11.16-15.57.22:401][311]LogModuleManager: Shutting down and abandoning module CustomMeshComponent (407)
[2019.11.16-15.57.22:401][311]LogModuleManager: Shutting down and abandoning module CableComponent (405)
[2019.11.16-15.57.22:401][311]LogModuleManager: Shutting down and abandoning module AudioCapture (403)
[2019.11.16-15.57.22:401][311]LogModuleManager: Shutting down and abandoning module ArchVisCharacter (401)
[2019.11.16-15.57.22:401][311]LogModuleManager: Shutting down and abandoning module AppleImageUtilsBlueprintSupport (399)
[2019.11.16-15.57.22:401][311]LogModuleManager: Shutting down and abandoning module AppleImageUtils (397)
[2019.11.16-15.57.22:401][311]LogModuleManager: Shutting down and abandoning module AndroidPermission (395)
[2019.11.16-15.57.22:401][311]LogModuleManager: Shutting down and abandoning module NUTUnrealEngine4 (393)
[2019.11.16-15.57.22:401][311]LogModuleManager: Shutting down and abandoning module NetcodeUnitTest (391)
[2019.11.16-15.57.22:401][311]LogModuleManager: Shutting down and abandoning module MediaCompositing (389)
[2019.11.16-15.57.22:401][311]LogModuleManager: Shutting down and abandoning module ImgMedia (387)
[2019.11.16-15.57.22:401][311]LogModuleManager: Shutting down and abandoning module MagicLeapHelperVulkan (385)
[2019.11.16-15.57.22:401][311]LogModuleManager: Shutting down and abandoning module MagicLeapHelperOpenGL (383)
[2019.11.16-15.57.22:401][311]LogModuleManager: Shutting down and abandoning module MagicLeapAudio (381)
[2019.11.16-15.57.22:401][311]LogModuleManager: Shutting down and abandoning module HTML5Networking (379)
[2019.11.16-15.57.22:401][311]LogModuleManager: Shutting down and abandoning module GeometryCacheTracks (377)
[2019.11.16-15.57.22:401][311]LogModuleManager: Shutting down and abandoning module GeometryCacheSequencer (375)
[2019.11.16-15.57.22:401][311]LogModuleManager: Shutting down and abandoning module BackChannel (373)
[2019.11.16-15.57.22:401][311]LogModuleManager: Shutting down and abandoning module AutomationUtilsEditor (371)
[2019.11.16-15.57.22:401][311]LogModuleManager: Shutting down and abandoning module AutomationUtils (369)
[2019.11.16-15.57.22:401][311]LogModuleManager: Shutting down and abandoning module AlembicImporter (367)
[2019.11.16-15.57.22:401][311]LogModuleManager: Shutting down and abandoning module AlembicLibrary (366)
[2019.11.16-15.57.22:401][311]LogModuleManager: Shutting down and abandoning module GeometryCache (365)
[2019.11.16-15.57.22:401][311]LogModuleManager: Shutting down and abandoning module GeometryCacheEd (364)
[2019.11.16-15.57.22:401][311]LogModuleManager: Shutting down and abandoning module VariantManagerContent (359)
[2019.11.16-15.57.22:401][311]LogModuleManager: Shutting down and abandoning module DatasmithContentEditor (357)
[2019.11.16-15.57.22:401][311]LogModuleManager: Shutting down and abandoning module SpeedTreeImporter (355)
[2019.11.16-15.57.22:401][311]LogModuleManager: Shutting down and abandoning module PluginBrowser (353)
[2019.11.16-15.57.22:401][311]LogModuleManager: Shutting down and abandoning module MobileLauncherProfileWizard (351)
[2019.11.16-15.57.22:401][311]LogModuleManager: Shutting down and abandoning module MaterialAnalyzer (349)
[2019.11.16-15.57.22:401][311]LogModuleManager: Shutting down and abandoning module CurveEditorTools (347)
[2019.11.16-15.57.22:401][311]LogModuleManager: Shutting down and abandoning module CurveEditor (346)
[2019.11.16-15.57.22:401][311]LogModuleManager: Shutting down and abandoning module CryptoKeysOpenSSL (343)
[2019.11.16-15.57.22:401][311]LogModuleManager: Shutting down and abandoning module CryptoKeys (341)
[2019.11.16-15.57.22:401][311]LogModuleManager: Shutting down and abandoning module VisualStudioSourceCodeAccess (339)
[2019.11.16-15.57.22:401][311]LogModuleManager: Shutting down and abandoning module VisualStudioCodeSourceCodeAccess (337)
[2019.11.16-15.57.22:401][311]LogModuleManager: Shutting down and abandoning module UObjectPlugin (335)
[2019.11.16-15.57.22:401][311]LogModuleManager: Shutting down and abandoning module SubversionSourceControl (333)
[2019.11.16-15.57.22:401][311]LogModuleManager: Shutting down and abandoning module PerforceSourceControl (331)
[2019.11.16-15.57.22:401][311]LogModuleManager: Shutting down and abandoning module GitSourceControl (329)
[2019.11.16-15.57.22:402][311]LogModuleManager: Shutting down and abandoning module SourceControl (328)
[2019.11.16-15.57.22:402][311]LogModuleManager: Shutting down and abandoning module CLionSourceCodeAccess (325)
[2019.11.16-15.57.22:402][311]LogModuleManager: Shutting down and abandoning module AnimationSharingEd (323)
[2019.11.16-15.57.22:402][311]LogModuleManager: Shutting down and abandoning module ActorLayerUtilitiesEditor (321)
[2019.11.16-15.57.22:402][311]LogModuleManager: Shutting down and abandoning module ActorLayerUtilities (319)
[2019.11.16-15.57.22:402][311]LogModuleManager: Shutting down and abandoning module LightPropagationVolumeEditor (317)
[2019.11.16-15.57.22:402][311]LogModuleManager: Shutting down and abandoning module PaperTiledImporter (315)
[2019.11.16-15.57.22:402][311]LogModuleManager: Shutting down and abandoning module PaperSpriteSheetImporter (313)
[2019.11.16-15.57.22:402][311]LogModuleManager: Shutting down and abandoning module Paper2DEditor (311)
[2019.11.16-15.57.22:402][311]LogModuleManager: Shutting down and abandoning module SignificanceManager (309)
[2019.11.16-15.57.22:402][311]LogModuleManager: Shutting down and abandoning module RuntimePhysXCooking (307)
[2019.11.16-15.57.22:402][311]LogModuleManager: Shutting down and abandoning module PhysXVehiclesEditor (305)
[2019.11.16-15.57.22:402][311]LogModuleManager: Shutting down and abandoning module LocationServicesBPLibrary (301)
[2019.11.16-15.57.22:402][311]LogModuleManager: Shutting down and abandoning module ActorSequence (299)
[2019.11.16-15.57.22:402][311]LogModuleManager: Shutting down and abandoning module UdpMessaging (297)
[2019.11.16-15.57.22:503][311]LogModuleManager: Shutting down and abandoning module TcpMessaging (295)
[2019.11.16-15.57.22:604][311]LogModuleManager: Shutting down and abandoning module MagicLeapIdentity (293)
[2019.11.16-15.57.22:604][311]LogModuleManager: Shutting down and abandoning module MagicLeapSecureStorage (291)
[2019.11.16-15.57.22:604][311]LogModuleManager: Shutting down and abandoning module MagicLeapHandTracking (289)
[2019.11.16-15.57.22:604][311]LogModuleManager: Shutting down and abandoning module MagicLeapEyeTracker (287)
[2019.11.16-15.57.22:604][311]LogModuleManager: Shutting down and abandoning module MagicLeapController (285)
[2019.11.16-15.57.22:604][311]LogSlate: Slate User Destroyed.  User Index 0, Is Virtual User: 0
[2019.11.16-15.57.22:604][311]LogModuleManager: Shutting down and abandoning module MagicLeapAR (283)
[2019.11.16-15.57.22:604][311]LogModuleManager: Shutting down and abandoning module AugmentedReality (282)
[2019.11.16-15.57.22:604][311]LogModuleManager: Shutting down and abandoning module GameplayTagsEditor (279)
[2019.11.16-15.57.22:604][311]LogModuleManager: Shutting down and abandoning module FacialAnimationEditor (277)
[2019.11.16-15.57.22:604][311]LogModuleManager: Shutting down and abandoning module FacialAnimation (275)
[2019.11.16-15.57.22:604][311]LogModuleManager: Shutting down and abandoning module DataValidation (273)
[2019.11.16-15.57.22:604][311]LogModuleManager: Shutting down and abandoning module AssetManagerEditor (271)
[2019.11.16-15.57.22:604][311]LogModuleManager: Shutting down and abandoning module LevelEditor (270)
[2019.11.16-15.57.22:605][311]LogModuleManager: Shutting down and abandoning module PixelInspectorModule (269)
[2019.11.16-15.57.22:605][311]LogModuleManager: Shutting down and abandoning module CommonMenuExtensions (267)
[2019.11.16-15.57.22:605][311]LogModuleManager: Shutting down and abandoning module MainFrame (265)
[2019.11.16-15.57.22:605][311]LogModuleManager: Shutting down and abandoning module HotReload (264)
[2019.11.16-15.57.22:605][311]LogModuleManager: Shutting down and abandoning module ContentBrowser (260)
[2019.11.16-15.57.22:606][311]LogModuleManager: Shutting down and abandoning module TreeMap (258)
[2019.11.16-15.57.22:606][311]LogModuleManager: Shutting down and abandoning module AnimationSharing (255)
[2019.11.16-15.57.22:606][311]LogModuleManager: Shutting down and abandoning module LightPropagationVolumeRuntime (253)
[2019.11.16-15.57.22:606][311]LogModuleManager: Shutting down and abandoning module Paper2D (251)
[2019.11.16-15.57.22:606][311]LogModuleManager: Shutting down and abandoning module WindowsMoviePlayer (249)
[2019.11.16-15.57.22:606][311]LogModuleManager: Shutting down and abandoning module WebMMoviePlayer (247)
[2019.11.16-15.57.22:606][311]LogModuleManager: Shutting down and abandoning module NetworkReplayStreaming (245)
[2019.11.16-15.57.22:606][311]LogModuleManager: Shutting down and abandoning module PacketHandler (243)
[2019.11.16-15.57.22:606][311]LogModuleManager: Shutting down and abandoning module ClothingSystemEditor (241)
[2019.11.16-15.57.22:606][311]LogModuleManager: Shutting down and abandoning module ClothingSystemRuntime (239)
[2019.11.16-15.57.22:606][311]LogModuleManager: Shutting down and abandoning module MediaAssets (237)
[2019.11.16-15.57.22:606][311]LogModuleManager: Shutting down and abandoning module Overlay (235)
[2019.11.16-15.57.22:606][311]LogModuleManager: Shutting down and abandoning module OverlayEditor (234)
[2019.11.16-15.57.22:607][311]LogModuleManager: Shutting down and abandoning module VREditor (231)
[2019.11.16-15.57.22:607][311]LogModuleManager: Shutting down and abandoning module StringTableEditor (229)
[2019.11.16-15.57.22:607][311]LogModuleManager: Shutting down and abandoning module GameplayTasksEditor (227)
[2019.11.16-15.57.22:607][311]LogModuleManager: Shutting down and abandoning module BehaviorTreeEditor (225)
[2019.11.16-15.57.22:607][311]LogModuleManager: Shutting down and abandoning module FunctionalTesting (223)
[2019.11.16-15.57.22:607][311]LogModuleManager: Shutting down and abandoning module CollisionAnalyzer (221)
[2019.11.16-15.57.22:607][311]LogModuleManager: Shutting down and abandoning module WorkspaceMenuStructure (220)
[2019.11.16-15.57.22:607][311]LogModuleManager: Shutting down and abandoning module UMG (217)
[2019.11.16-15.57.22:607][311]LogModuleManager: Shutting down and abandoning module UMGEditor (216)
[2019.11.16-15.57.22:607][311]LogModuleManager: Shutting down and abandoning module Sequencer (215)
[2019.11.16-15.57.22:607][311]LogModuleManager: Shutting down and abandoning module MessageLog (212)
[2019.11.16-15.57.22:607][311]LogModuleManager: Shutting down and abandoning module SlateReflector (207)
[2019.11.16-15.57.22:607][311]LogModuleManager: Shutting down and abandoning module Slate (205)
[2019.11.16-15.57.22:607][311]LogModuleManager: Shutting down and abandoning module LandscapeEditorUtilities (203)
[2019.11.16-15.57.22:607][311]LogModuleManager: Shutting down and abandoning module EditorStyle (201)
[2019.11.16-15.57.22:608][311]LogModuleManager: Shutting down and abandoning module UnrealEd (199)
[2019.11.16-15.57.22:608][311]LogModuleManager: Shutting down and abandoning module MRMesh (197)
[2019.11.16-15.57.22:608][311]LogModuleManager: Shutting down and abandoning module SourceCodeAccess (195)
[2019.11.16-15.57.22:608][311]LogModuleManager: Shutting down and abandoning module HeadMountedDisplay (193)
[2019.11.16-15.57.22:608][311]LogModuleManager: Shutting down and abandoning module XAudio2 (191)
[2019.11.16-15.57.22:608][311]LogModuleManager: Shutting down and abandoning module Networking (189)
[2019.11.16-15.57.22:608][311]LogModuleManager: Shutting down and abandoning module Core (187)
[2019.11.16-15.57.22:608][311]LogModuleManager: Shutting down and abandoning module KismetCompiler (185)
[2019.11.16-15.57.22:608][311]LogModuleManager: Shutting down and abandoning module MeshUtilities (183)
[2019.11.16-15.57.22:608][311]LogModuleManager: Shutting down and abandoning module MeshMergeUtilities (182)
[2019.11.16-15.57.22:608][311]LogModuleManager: Shutting down and abandoning module MeshReductionInterface (181)
[2019.11.16-15.57.22:608][311]LogModuleManager: Shutting down and abandoning module SkeletalMeshReduction (180)
[2019.11.16-15.57.22:608][311]LogModuleManager: Shutting down and abandoning module ProxyLODMeshReduction (178)
[2019.11.16-15.57.22:609][311]LogModuleManager: Shutting down and abandoning module QuadricMeshReduction (176)
[2019.11.16-15.57.22:609][311]LogModuleManager: Shutting down and abandoning module MaterialBaking (172)
[2019.11.16-15.57.22:609][311]LogModuleManager: Shutting down and abandoning module NullInstallBundleManager (167)
[2019.11.16-15.57.22:609][311]LogModuleManager: Shutting down and abandoning module DerivedDataCache (165)
[2019.11.16-15.57.22:881][311]LogDerivedDataCache: Shutdown
[2019.11.16-15.57.22:881][311]LogModuleManager: Shutting down and abandoning module XGEController (163)
[2019.11.16-15.57.22:881][311]LogModuleManager: Shutting down and abandoning module TargetPlatform (161)
[2019.11.16-15.57.22:881][311]LogModuleManager: Shutting down and abandoning module VulkanShaderFormat (160)
[2019.11.16-15.57.22:881][311]LogModuleManager: Shutting down and abandoning module ShaderFormatVectorVM (158)
[2019.11.16-15.57.22:881][311]LogModuleManager: Shutting down and abandoning module ShaderFormatOpenGL (156)
[2019.11.16-15.57.22:881][311]LogModuleManager: Shutting down and abandoning module ShaderFormatD3D (154)
[2019.11.16-15.57.22:881][311]LogModuleManager: Shutting down and abandoning module MetalShaderFormat (152)
[2019.11.16-15.57.22:881][311]LogModuleManager: Shutting down and abandoning module TextureFormatUncompressed (150)
[2019.11.16-15.57.22:881][311]LogModuleManager: Shutting down and abandoning module TextureFormatPVR (148)
[2019.11.16-15.57.22:881][311]LogModuleManager: Shutting down and abandoning module TextureFormatDXT (146)
[2019.11.16-15.57.22:881][311]LogModuleManager: Shutting down and abandoning module TextureFormatIntelISPCTexComp (144)
[2019.11.16-15.57.22:881][311]LogModuleManager: Shutting down and abandoning module TextureFormatASTC (142)
[2019.11.16-15.57.22:881][311]LogModuleManager: Shutting down and abandoning module ImageWrapper (141)
[2019.11.16-15.57.22:881][311]LogModuleManager: Shutting down and abandoning module TextureFormatAndroid (138)
[2019.11.16-15.57.22:881][311]LogModuleManager: Shutting down and abandoning module AudioFormatOpus (136)
[2019.11.16-15.57.22:881][311]LogModuleManager: Shutting down and abandoning module AudioFormatOgg (134)
[2019.11.16-15.57.22:881][311]LogModuleManager: Shutting down and abandoning module AudioFormatADPCM (132)
[2019.11.16-15.57.22:881][311]LogModuleManager: Shutting down and abandoning module LuminTargetPlatform (130)
[2019.11.16-15.57.22:882][311]LogModuleManager: Shutting down and abandoning module LinuxTargetPlatform (128)
[2019.11.16-15.57.22:882][311]LogModuleManager: Shutting down and abandoning module LinuxServerTargetPlatform (126)
[2019.11.16-15.57.22:882][311]LogModuleManager: Shutting down and abandoning module LinuxNoEditorTargetPlatform (124)
[2019.11.16-15.57.22:882][311]LogModuleManager: Shutting down and abandoning module LinuxClientTargetPlatform (122)
[2019.11.16-15.57.22:882][311]LogModuleManager: Shutting down and abandoning module TVOSTargetPlatform (120)
[2019.11.16-15.57.22:882][311]LogModuleManager: Shutting down and abandoning module Messaging (118)
[2019.11.16-15.57.22:882][311]LogModuleManager: Shutting down and abandoning module IOSTargetPlatform (116)
[2019.11.16-15.57.22:883][311]LogModuleManager: Shutting down and abandoning module HTML5TargetPlatform (114)
[2019.11.16-15.57.22:883][311]LogModuleManager: Shutting down and abandoning module AndroidTargetPlatform (112)
[2019.11.16-15.57.22:888][311]LogModuleManager: Shutting down and abandoning module WindowsTargetPlatform (110)
[2019.11.16-15.57.22:888][311]LogModuleManager: Shutting down and abandoning module WindowsServerTargetPlatform (108)
[2019.11.16-15.57.22:888][311]LogModuleManager: Shutting down and abandoning module WindowsNoEditorTargetPlatform (106)
[2019.11.16-15.57.22:888][311]LogModuleManager: Shutting down and abandoning module WindowsClientTargetPlatform (104)
[2019.11.16-15.57.22:888][311]LogModuleManager: Shutting down and abandoning module MacTargetPlatform (102)
[2019.11.16-15.57.22:888][311]LogModuleManager: Shutting down and abandoning module MacServerTargetPlatform (100)
[2019.11.16-15.57.22:888][311]LogModuleManager: Shutting down and abandoning module MacNoEditorTargetPlatform (98)
[2019.11.16-15.57.22:888][311]LogModuleManager: Shutting down and abandoning module MacClientTargetPlatform (96)
[2019.11.16-15.57.22:888][311]LogModuleManager: Shutting down and abandoning module AllDesktopTargetPlatform (94)
[2019.11.16-15.57.22:889][311]LogModuleManager: Shutting down and abandoning module InputCore (91)
[2019.11.16-15.57.22:889][311]LogModuleManager: Shutting down and abandoning module Settings (89)
[2019.11.16-15.57.22:889][311]LogModuleManager: Shutting down and abandoning module DirectoryWatcher (87)
[2019.11.16-15.57.22:889][311]LogModuleManager: Shutting down and abandoning module PhysXCooking (85)
[2019.11.16-15.57.22:889][311]LogModuleManager: Shutting down and abandoning module WindowsPlatformFeatures (83)
[2019.11.16-15.57.22:889][311]LogModuleManager: Shutting down and abandoning module GameplayMediaEncoder (82)
[2019.11.16-15.57.22:889][311]LogModuleManager: Shutting down and abandoning module SteamVR (79)
[2019.11.16-15.57.22:889][311]LogHMD: Freeing OpenVRDLLHandle.
[2019.11.16-15.57.22:889][311]LogModuleManager: Shutting down and abandoning module OculusHMD (77)
[2019.11.16-15.57.22:889][311]LogModuleManager: Shutting down and abandoning module ExampleDeviceProfileSelector (75)
[2019.11.16-15.57.22:889][311]LogModuleManager: Shutting down and abandoning module LauncherChunkInstaller (73)
[2019.11.16-15.57.22:889][311]LogModuleManager: Shutting down and abandoning module OnlineBlueprintSupport (71)
[2019.11.16-15.57.22:889][311]LogModuleManager: Shutting down and abandoning module OnlineSubsystem (67)
[2019.11.16-15.57.22:890][311]LogModuleManager: Shutting down and abandoning module XMPP (61)
[2019.11.16-15.57.22:890][311]LogModuleManager: Shutting down and abandoning module WebSockets (60)
[2019.11.16-15.57.22:921][311]LogModuleManager: Shutting down and abandoning module HTTP (57)
[2019.11.16-15.57.22:921][311]LogHttp: Display: Http module shutting down, but needs to wait on 1 outstanding Http requests:
[2019.11.16-15.57.22:921][311]LogHttp: Display: 	verb=[POST] url=[https://datarouter.ol.epicgames.com/datarouter/api/v1/public/data?SessionID=%7BCE10C61D-4C9B-2B78-D1FD-C98868A6F689%7D&AppID=UEEditor.Rocket.Release&AppVersion=4.23.1-9631420%2B%2B%2BUE4%2BRelease-4.23&UserID=a86207714dd2b7077fd15f91e544b43d%7Cd39e72cc571644ef8d440fc08b84e9f6%7C78227911-c6be-470b-a5c0-0d27c9c70f2e&AppEnvironment=datacollector-binary&UploadType=eteventstream] status=Processing
[2019.11.16-15.57.22:941][311]LogModuleManager: Shutting down and abandoning module SSL (56)
[2019.11.16-15.57.22:942][311]LogModuleManager: Shutting down and abandoning module WmfMedia (52)
[2019.11.16-15.57.22:944][311]LogModuleManager: Shutting down and abandoning module Media (51)
[2019.11.16-15.57.22:944][311]LogModuleManager: Shutting down and abandoning module MagicLeap (48)
[2019.11.16-15.57.22:944][311]LogModuleManager: Shutting down and abandoning module DatasmithContent (46)
[2019.11.16-15.57.22:945][311]LogModuleManager: Shutting down and abandoning module AISupportModule (44)
[2019.11.16-15.57.22:945][311]LogModuleManager: Shutting down and abandoning module PlatformCryptoOpenSSL (42)
[2019.11.16-15.57.22:945][311]LogModuleManager: Shutting down and abandoning module PlatformCrypto (40)
[2019.11.16-15.57.22:945][311]LogModuleManager: Shutting down and abandoning module AnimationModifiers (38)
[2019.11.16-15.57.22:945][311]LogModuleManager: Shutting down and abandoning module PropertyEditor (37)
[2019.11.16-15.57.22:945][311]LogModuleManager: Shutting down and abandoning module AudioEditor (34)
[2019.11.16-15.57.22:945][311]LogModuleManager: Shutting down and abandoning module TextureCompressor (32)
[2019.11.16-15.57.22:945][311]LogModuleManager: Shutting down and abandoning module RenderCore (30)
[2019.11.16-15.57.22:945][311]LogModuleManager: Shutting down and abandoning module Landscape (28)
[2019.11.16-15.57.22:945][311]LogModuleManager: Shutting down and abandoning module SlateRHIRenderer (26)
[2019.11.16-15.57.22:945][311]LogModuleManager: Shutting down and abandoning module OpenGLDrv (24)
[2019.11.16-15.57.22:945][311]LogModuleManager: Shutting down and abandoning module D3D11RHI (22)
[2019.11.16-15.57.22:945][311]LogModuleManager: Shutting down and abandoning module AnimGraphRuntime (20)
[2019.11.16-15.57.22:945][311]LogModuleManager: Shutting down and abandoning module Renderer (18)
[2019.11.16-15.57.22:945][311]LogModuleManager: Shutting down and abandoning module Engine (16)
[2019.11.16-15.57.22:945][311]LogModuleManager: Shutting down and abandoning module CoreUObject (14)
[2019.11.16-15.57.22:945][311]LogModuleManager: Shutting down and abandoning module NetworkFile (12)
[2019.11.16-15.57.22:945][311]LogModuleManager: Shutting down and abandoning module CookedIterativeFile (10)
[2019.11.16-15.57.22:945][311]LogModuleManager: Shutting down and abandoning module StreamingFile (8)
[2019.11.16-15.57.22:946][311]LogModuleManager: Shutting down and abandoning module SandboxFile (6)
[2019.11.16-15.57.22:946][311]LogModuleManager: Shutting down and abandoning module PakFile (4)
[2019.11.16-15.57.22:946][311]LogModuleManager: Shutting down and abandoning module RSA (3)
[2019.11.16-15.57.22:946][311]LogD3D11RHI: Shutdown
[2019.11.16-15.57.22:946][311]LogD3D11RHI: CleanupD3DDevice
[2019.11.16-15.57.22:946][311]LogRendererCore: FGlobalDynamicReadBuffer::Cleanup()
[2019.11.16-15.57.22:946][311]LogRendererCore: FGlobalDynamicReadBuffer::Cleanup()
[2019.11.16-15.57.22:946][311]LogRendererCore: FGlobalDynamicReadBuffer::Cleanup()
[2019.11.16-15.57.23:044][311]LogD3D11RHI: ~FD3D11DynamicRHI
[2019.11.16-15.57.23:059][311]LogExit: Exiting.
[2019.11.16-15.57.23:078][311]Log file closed, 11/16/19 15:57:23
