Log file open, 11/20/19 12:52:59
LogWindows: Failed to load 'aqProf.dll' (GetLastError=126)
LogWindows: File 'aqProf.dll' does not exist
LogWindows: Failed to load 'VtuneApi.dll' (GetLastError=126)
LogWindows: File 'VtuneApi.dll' does not exist
LogWindows: Failed to load 'VtuneApi32e.dll' (GetLastError=126)
LogWindows: File 'VtuneApi32e.dll' does not exist
LogConsoleResponse: Display: Failed to find resolution value strings in scalability ini. Falling back to default.
LogInit: Display: Running engine for game: MyProject
LogPlatformFile: Not using cached read wrapper
LogTaskGraph: Started task graph with 5 named threads and 47 total threads with 3 sets of task threads.
LogStats: Stats thread started at 0.093021
LogD3D11RHI: Loaded GFSDK_Aftermath_Lib.x64.dll
LogICUInternationalization: ICU TimeZone Detection - Raw Offset: +0:00, Platform Override: ''
LogPluginManager: Mounting plugin Paper2D
LogPluginManager: Mounting plugin AISupport
LogPluginManager: Mounting plugin LightPropagationVolume
LogPluginManager: Mounting plugin ActorLayerUtilities
LogPluginManager: Mounting plugin AnimationSharing
LogPluginManager: Mounting plugin CLionSourceCodeAccess
LogPluginManager: Mounting plugin CodeLiteSourceCodeAccess
LogPluginManager: Mounting plugin GitSourceControl
LogPluginManager: Mounting plugin KDevelopSourceCodeAccess
LogPluginManager: Mounting plugin NullSourceCodeAccess
LogPluginManager: Mounting plugin PerforceSourceControl
LogPluginManager: Mounting plugin SubversionSourceControl
LogPluginManager: Mounting plugin UObjectPlugin
LogPluginManager: Mounting plugin VisualStudioCodeSourceCodeAccess
LogPluginManager: Mounting plugin VisualStudioSourceCodeAccess
LogPluginManager: Mounting plugin XCodeSourceCodeAccess
LogPluginManager: Mounting plugin AssetManagerEditor
LogPluginManager: Mounting plugin CryptoKeys
LogPluginManager: Mounting plugin CurveEditorTools
LogPluginManager: Mounting plugin DataValidation
LogPluginManager: Mounting plugin FacialAnimation
LogPluginManager: Mounting plugin GameplayTagsEditor
LogPluginManager: Mounting plugin MacGraphicsSwitching
LogPluginManager: Mounting plugin MaterialAnalyzer
LogPluginManager: Mounting plugin MobileLauncherProfileWizard
LogPluginManager: Mounting plugin PluginBrowser
LogPluginManager: Mounting plugin SpeedTreeImporter
LogPluginManager: Mounting plugin DatasmithContent
LogPluginManager: Mounting plugin VariantManagerContent
LogPluginManager: Mounting plugin AlembicImporter
LogPluginManager: Mounting plugin AutomationUtils
LogPluginManager: Mounting plugin BackChannel
LogPluginManager: Mounting plugin CharacterAI
LogPluginManager: Mounting plugin GeometryCache
LogPluginManager: Mounting plugin HTML5Networking
LogPluginManager: Mounting plugin PlatformCrypto
LogPluginManager: Mounting plugin ProxyLODPlugin
LogPluginManager: Mounting plugin SkeletalReduction
LogPluginManager: Mounting plugin MagicLeap
LogPluginManager: Mounting plugin MagicLeapMedia
LogPluginManager: Mounting plugin AndroidMedia
LogPluginManager: Mounting plugin AvfMedia
LogPluginManager: Mounting plugin ImgMedia
LogPluginManager: Mounting plugin MediaCompositing
LogPluginManager: Mounting plugin MediaPlayerEditor
LogPluginManager: Mounting plugin WebMMedia
LogPluginManager: Mounting plugin WmfMedia
LogPluginManager: Mounting plugin TcpMessaging
LogPluginManager: Mounting plugin UdpMessaging
LogPluginManager: Mounting plugin ActorSequence
LogPluginManager: Mounting plugin LevelSequenceEditor
LogPluginManager: Mounting plugin MatineeToLevelSequence
LogPluginManager: Mounting plugin NetcodeUnitTest
LogPluginManager: Mounting plugin NUTUnrealEngine4
LogPluginManager: Mounting plugin OnlineSubsystemGooglePlay
LogPluginManager: Mounting plugin OnlineSubsystemIOS
LogPluginManager: Mounting plugin OnlineSubsystem
LogPluginManager: Mounting plugin OnlineSubsystemNull
LogPluginManager: Mounting plugin OnlineSubsystemSteam
LogPluginManager: Mounting plugin OnlineSubsystemUtils
LogPluginManager: Mounting plugin LauncherChunkInstaller
LogPluginManager: Mounting plugin AndroidDeviceProfileSelector
LogPluginManager: Mounting plugin AndroidMoviePlayer
LogPluginManager: Mounting plugin AndroidPermission
LogPluginManager: Mounting plugin AppleImageUtils
LogPluginManager: Mounting plugin AppleMoviePlayer
LogPluginManager: Mounting plugin ArchVisCharacter
LogPluginManager: Mounting plugin AudioCapture
LogPluginManager: Mounting plugin CableComponent
LogPluginManager: Mounting plugin CustomMeshComponent
LogPluginManager: Mounting plugin EditableMesh
LogPluginManager: Mounting plugin ExampleDeviceProfileSelector
LogPluginManager: Mounting plugin GoogleCloudMessaging
LogPluginManager: Mounting plugin IOSDeviceProfileSelector
LogPluginManager: Mounting plugin LinuxDeviceProfileSelector
LogPluginManager: Mounting plugin LocationServicesBPLibrary
LogPluginManager: Mounting plugin MobilePatchingUtils
LogPluginManager: Mounting plugin OculusVR
LogPluginManager: Mounting plugin PhysXVehicles
LogPluginManager: Mounting plugin ProceduralMeshComponent
LogPluginManager: Mounting plugin RuntimePhysXCooking
LogPluginManager: Mounting plugin SignificanceManager
LogPluginManager: Mounting plugin SteamVR
LogPluginManager: Mounting plugin WebMMoviePlayer
LogPluginManager: Mounting plugin WindowsMoviePlayer
LogPluginManager: Mounting plugin ScreenshotTools
LogInit: Using libcurl 7.55.1-DEV
LogInit:  - built for x86_64-pc-win32
LogInit:  - supports SSL with OpenSSL/1.1.1
LogInit:  - supports HTTP deflate (compression) using libz 1.2.8
LogInit:  - other features:
LogInit:      CURL_VERSION_SSL
LogInit:      CURL_VERSION_LIBZ
LogInit:      CURL_VERSION_IPV6
LogInit:      CURL_VERSION_ASYNCHDNS
LogInit:      CURL_VERSION_LARGEFILE
LogInit:      CURL_VERSION_IDN
LogInit:  CurlRequestOptions (configurable via config and command line):
LogInit:  - bVerifyPeer = true  - Libcurl will verify peer certificate
LogInit:  - bUseHttpProxy = false  - Libcurl will NOT use HTTP proxy
LogInit:  - bDontReuseConnections = false  - Libcurl will reuse connections
LogInit:  - MaxHostConnections = 16  - Libcurl will limit the number of connections to a host
LogInit:  - LocalHostAddr = Default
LogInit:  - BufferSize = 65536
LogOnline: Display: STEAM: Loading Steam SDK 1.42
LogOnline: OSS: Creating online subsystem instance for: Steam
LogOnline: STEAM: Steam User is subscribed 1
LogOnline: STEAM: [AppId: 480] Client API initialized 1
LogOnline: STEAM: [AppId: 480] Game Server API initialized 1
LogOnline: STEAM: Missing P2PCleanupTimeout key in OnlineSubsystemSteam of DefaultEngine.ini, using default
LogInit: WinSock: version 1.1 (2.2), MaxSocks=32767, MaxUdp=65467
LogInit: Build: ++UE4+Release-4.23-CL-9631420
LogInit: Engine Version: 4.23.1-9631420+++UE4+Release-4.23
LogInit: Compatible Engine Version: 4.23.0-8386587+++UE4+Release-4.23
LogInit: Net CL: 8386587
LogInit: OS: Windows 10 (Release 1903) (), CPU: AMD Ryzen 7 1700X Eight-Core Processor         , GPU: Radeon RX Vega
LogInit: Compiled (64-bit): Oct 18 2019 02:07:44
LogInit: Compiled with Visual C++: 19.16.27030.01
LogInit: Build Configuration: Development
LogInit: Branch Name: ++UE4+Release-4.23
LogInit: Command Line:  /Game/VirtualRealityBP/Maps/MainMenu -game -PIEVIACONSOLE -ResX=1280 -ResY=720 -Multiprocess -messaging -SessionName="Play in Standalone Game" -nohmd -windowed
LogInit: Base Directory: C:/Program Files/Epic Games/UE_4.23/Engine/Binaries/Win64/
LogInit: Installed Engine Build: 1
LogDevObjectVersion: Number of dev versions registered: 23
LogDevObjectVersion:   Dev-Blueprints (B0D832E4-1F89-4F0D-ACCF-7EB736FD4AA2): 10
LogDevObjectVersion:   Dev-Build (E1C64328-A22C-4D53-A36C-8E866417BD8C): 0
LogDevObjectVersion:   Dev-Core (375EC13C-06E4-48FB-B500-84F0262A717E): 3
LogDevObjectVersion:   Dev-Editor (E4B068ED-F494-42E9-A231-DA0B2E46BB41): 34
LogDevObjectVersion:   Dev-Framework (CFFC743F-43B0-4480-9391-14DF171D2073): 35
LogDevObjectVersion:   Dev-Mobile (B02B49B5-BB20-44E9-A304-32B752E40360): 2
LogDevObjectVersion:   Dev-Networking (A4E4105C-59A1-49B5-A7C5-40C4547EDFEE): 0
LogDevObjectVersion:   Dev-Online (39C831C9-5AE6-47DC-9A44-9C173E1C8E7C): 0
LogDevObjectVersion:   Dev-Physics (78F01B33-EBEA-4F98-B9B4-84EACCB95AA2): 0
LogDevObjectVersion:   Dev-Platform (6631380F-2D4D-43E0-8009-CF276956A95A): 0
LogDevObjectVersion:   Dev-Rendering (12F88B9F-8875-4AFC-A67C-D90C383ABD29): 31
LogDevObjectVersion:   Dev-Sequencer (7B5AE74C-D270-4C10-A958-57980B212A5A): 11
LogDevObjectVersion:   Dev-VR (D7296918-1DD6-4BDD-9DE2-64A83CC13884): 2
LogDevObjectVersion:   Dev-LoadTimes (C2A15278-BFE7-4AFE-6C17-90FF531DF755): 1
LogDevObjectVersion:   Private-Geometry (6EACA3D4-40EC-4CC1-B786-8BED09428FC5): 3
LogDevObjectVersion:   Dev-AnimPhys (29E575DD-E0A3-4627-9D10-D276232CDCEA): 17
LogDevObjectVersion:   Dev-Anim (AF43A65D-7FD3-4947-9873-3E8ED9C1BB05): 2
LogDevObjectVersion:   Dev-ReflectionCapture (6B266CEC-1EC7-4B8F-A30B-E4D90942FC07): 1
LogDevObjectVersion:   Dev-Automation (0DF73D61-A23F-47EA-B727-89E90C41499A): 1
LogDevObjectVersion:   FortniteMain (601D1886-AC64-4F84-AA16-D3DE0DEAC7D6): 27
LogDevObjectVersion:   Dev-Enterprise (9DFFBCD6-494F-0158-E221-12823C92A888): 6
LogDevObjectVersion:   Dev-Niagara (F2AED0AC-9AFE-416F-8664-AA7FFA26D6FC): 1
LogDevObjectVersion:   Dev-Destruction (174F1F0B-B4C6-45A5-B13F-2EE8D0FB917D): 9
LogInit: Presizing for max 16777216 objects, including 0 objects not considered by GC, pre-allocating 0 bytes for permanent pool.
LogInit: Object subsystem initialized
LogConfig: Setting CVar [[con.DebugEarlyDefault:1]]
LogConfig: Setting CVar [[r.setres:1280x720]]
[2019.11.20-12.53.00:605][  0]LogConfig: Setting CVar [[con.DebugEarlyDefault:1]]
[2019.11.20-12.53.00:605][  0]LogConfig: Setting CVar [[r.setres:1280x720]]
[2019.11.20-12.53.00:605][  0]LogConfig: Applying CVar settings from Section [/Script/Engine.RendererSettings] File [../../../MyProject/Saved/Config/Windows/Engine.ini]
[2019.11.20-12.53.00:605][  0]LogConfig: Setting CVar [[r.GPUCrashDebugging:0]]
[2019.11.20-12.53.00:605][  0]LogConfig: Setting CVar [[r.DefaultFeature.AmbientOcclusion:0]]
[2019.11.20-12.53.00:605][  0]LogConfig: Setting CVar [[r.DefaultFeature.AmbientOcclusionStaticFraction:0]]
[2019.11.20-12.53.00:605][  0]LogConfig: Setting CVar [[vr.InstancedStereo:1]]
[2019.11.20-12.53.00:605][  0]LogConfig: Setting CVar [[r.SeparateTranslucency:0]]
[2019.11.20-12.53.00:605][  0]LogConfig: Setting CVar [[r.HZBOcclusion:0]]
[2019.11.20-12.53.00:605][  0]LogConfig: Setting CVar [[r.SSR.MaxRoughness:0]]
[2019.11.20-12.53.00:605][  0]LogConfig: Setting CVar [[r.rhicmdbypass:0]]
[2019.11.20-12.53.00:605][  0]LogConfig: Applying CVar settings from Section [/Script/Engine.RendererOverrideSettings] File [../../../MyProject/Saved/Config/Windows/Engine.ini]
[2019.11.20-12.53.00:605][  0]LogConfig: Applying CVar settings from Section [/Script/Engine.StreamingSettings] File [../../../MyProject/Saved/Config/Windows/Engine.ini]
[2019.11.20-12.53.00:605][  0]LogConfig: Setting CVar [[s.MinBulkDataSizeForAsyncLoading:131072]]
[2019.11.20-12.53.00:605][  0]LogConfig: Setting CVar [[s.AsyncLoadingThreadEnabled:0]]
[2019.11.20-12.53.00:605][  0]LogConfig: Setting CVar [[s.EventDrivenLoaderEnabled:1]]
[2019.11.20-12.53.00:605][  0]LogConfig: Setting CVar [[s.WarnIfTimeLimitExceeded:0]]
[2019.11.20-12.53.00:605][  0]LogConfig: Setting CVar [[s.TimeLimitExceededMultiplier:1.5]]
[2019.11.20-12.53.00:605][  0]LogConfig: Setting CVar [[s.TimeLimitExceededMinTime:0.005]]
[2019.11.20-12.53.00:605][  0]LogConfig: Setting CVar [[s.UseBackgroundLevelStreaming:1]]
[2019.11.20-12.53.00:605][  0]LogConfig: Setting CVar [[s.PriorityAsyncLoadingExtraTime:15.0]]
[2019.11.20-12.53.00:605][  0]LogConfig: Setting CVar [[s.LevelStreamingActorsUpdateTimeLimit:5.0]]
[2019.11.20-12.53.00:605][  0]LogConfig: Setting CVar [[s.PriorityLevelStreamingActorsUpdateExtraTime:5.0]]
[2019.11.20-12.53.00:605][  0]LogConfig: Setting CVar [[s.LevelStreamingComponentsRegistrationGranularity:10]]
[2019.11.20-12.53.00:605][  0]LogConfig: Setting CVar [[s.UnregisterComponentsTimeLimit:1.0]]
[2019.11.20-12.53.00:605][  0]LogConfig: Setting CVar [[s.LevelStreamingComponentsUnregistrationGranularity:5]]
[2019.11.20-12.53.00:605][  0]LogConfig: Applying CVar settings from Section [/Script/Engine.GarbageCollectionSettings] File [../../../MyProject/Saved/Config/Windows/Engine.ini]
[2019.11.20-12.53.00:605][  0]LogConfig: Setting CVar [[gc.MaxObjectsNotConsideredByGC:1]]
[2019.11.20-12.53.00:605][  0]LogConfig: Setting CVar [[gc.SizeOfPermanentObjectPool:0]]
[2019.11.20-12.53.00:605][  0]LogConfig: Setting CVar [[gc.FlushStreamingOnGC:0]]
[2019.11.20-12.53.00:605][  0]LogConfig: Setting CVar [[gc.NumRetriesBeforeForcingGC:10]]
[2019.11.20-12.53.00:606][  0]LogConfig: Setting CVar [[gc.AllowParallelGC:1]]
[2019.11.20-12.53.00:606][  0]LogConfig: Setting CVar [[gc.TimeBetweenPurgingPendingKillObjects:61.1]]
[2019.11.20-12.53.00:606][  0]LogConfig: Setting CVar [[gc.MaxObjectsInEditor:16777216]]
[2019.11.20-12.53.00:606][  0]LogConfig: Setting CVar [[gc.IncrementalBeginDestroyEnabled:1]]
[2019.11.20-12.53.00:606][  0]LogConfig: Setting CVar [[gc.CreateGCClusters:1]]
[2019.11.20-12.53.00:606][  0]LogConfig: Setting CVar [[gc.MinGCClusterSize:5]]
[2019.11.20-12.53.00:606][  0]LogConfig: Setting CVar [[gc.ActorClusteringEnabled:0]]
[2019.11.20-12.53.00:606][  0]LogConfig: Setting CVar [[gc.BlueprintClusteringEnabled:0]]
[2019.11.20-12.53.00:606][  0]LogConfig: Setting CVar [[gc.UseDisregardForGCOnDedicatedServers:0]]
[2019.11.20-12.53.00:606][  0]LogConfig: Applying CVar settings from Section [/Script/Engine.NetworkSettings] File [../../../MyProject/Saved/Config/Windows/Engine.ini]
[2019.11.20-12.53.00:606][  0]LogConfig: Applying CVar settings from Section [/Script/UnrealEd.CookerSettings] File [../../../MyProject/Saved/Config/Windows/Engine.ini]
[2019.11.20-12.53.00:609][  0]LogConfig: Applying CVar settings from Section [ViewDistanceQuality@3] File [../../../MyProject/Saved/Config/Windows/Scalability.ini]
[2019.11.20-12.53.00:609][  0]LogConfig: Setting CVar [[r.SkeletalMeshLODBias:0]]
[2019.11.20-12.53.00:609][  0]LogConfig: Setting CVar [[r.ViewDistanceScale:1.0]]
[2019.11.20-12.53.00:609][  0]LogConfig: Applying CVar settings from Section [AntiAliasingQuality@3] File [../../../MyProject/Saved/Config/Windows/Scalability.ini]
[2019.11.20-12.53.00:609][  0]LogConfig: Setting CVar [[r.PostProcessAAQuality:3]]
[2019.11.20-12.53.00:609][  0]LogConfig: Applying CVar settings from Section [ShadowQuality@3] File [../../../MyProject/Saved/Config/Windows/Scalability.ini]
[2019.11.20-12.53.00:609][  0]LogConfig: Setting CVar [[r.LightFunctionQuality:1]]
[2019.11.20-12.53.00:609][  0]LogConfig: Setting CVar [[r.ShadowQuality:5]]
[2019.11.20-12.53.00:609][  0]LogConfig: Setting CVar [[r.Shadow.CSM.MaxCascades:10]]
[2019.11.20-12.53.00:609][  0]LogConfig: Setting CVar [[r.Shadow.MaxResolution:2048]]
[2019.11.20-12.53.00:609][  0]LogConfig: Setting CVar [[r.Shadow.MaxCSMResolution:2048]]
[2019.11.20-12.53.00:609][  0]LogConfig: Setting CVar [[r.Shadow.RadiusThreshold:0.01]]
[2019.11.20-12.53.00:609][  0]LogConfig: Setting CVar [[r.Shadow.DistanceScale:1.0]]
[2019.11.20-12.53.00:609][  0]LogConfig: Setting CVar [[r.Shadow.CSM.TransitionScale:1.0]]
[2019.11.20-12.53.00:609][  0]LogConfig: Setting CVar [[r.Shadow.PreShadowResolutionFactor:1.0]]
[2019.11.20-12.53.00:609][  0]LogConfig: Setting CVar [[r.DistanceFieldShadowing:1]]
[2019.11.20-12.53.00:609][  0]LogConfig: Setting CVar [[r.DistanceFieldAO:1]]
[2019.11.20-12.53.00:609][  0]LogConfig: Setting CVar [[r.AOQuality:2]]
[2019.11.20-12.53.00:609][  0]LogConfig: Setting CVar [[r.VolumetricFog:1]]
[2019.11.20-12.53.00:609][  0]LogConfig: Setting CVar [[r.VolumetricFog.GridPixelSize:8]]
[2019.11.20-12.53.00:609][  0]LogConfig: Setting CVar [[r.VolumetricFog.GridSizeZ:128]]
[2019.11.20-12.53.00:609][  0]LogConfig: Setting CVar [[r.VolumetricFog.HistoryMissSupersampleCount:4]]
[2019.11.20-12.53.00:609][  0]LogConfig: Setting CVar [[r.LightMaxDrawDistanceScale:1]]
[2019.11.20-12.53.00:609][  0]LogConfig: Setting CVar [[r.CapsuleShadows:1]]
[2019.11.20-12.53.00:609][  0]LogConfig: Applying CVar settings from Section [PostProcessQuality@3] File [../../../MyProject/Saved/Config/Windows/Scalability.ini]
[2019.11.20-12.53.00:609][  0]LogConfig: Setting CVar [[r.MotionBlurQuality:0]]
[2019.11.20-12.53.00:609][  0]LogConfig: Setting CVar [[r.AmbientOcclusionMipLevelFactor:0.4]]
[2019.11.20-12.53.00:609][  0]LogConfig: Setting CVar [[r.AmbientOcclusionMaxQuality:100]]
[2019.11.20-12.53.00:609][  0]LogConfig: Setting CVar [[r.AmbientOcclusionLevels:0]]
[2019.11.20-12.53.00:609][  0]LogConfig: Setting CVar [[r.AmbientOcclusionRadiusScale:1.0]]
[2019.11.20-12.53.00:610][  0]LogConfig: Setting CVar [[r.DepthOfFieldQuality:0]]
[2019.11.20-12.53.00:610][  0]LogConfig: Setting CVar [[r.RenderTargetPoolMin:400]]
[2019.11.20-12.53.00:610][  0]LogConfig: Setting CVar [[r.LensFlareQuality:0]]
[2019.11.20-12.53.00:610][  0]LogConfig: Setting CVar [[r.SceneColorFringeQuality:0]]
[2019.11.20-12.53.00:610][  0]LogConfig: Setting CVar [[r.EyeAdaptationQuality:2]]
[2019.11.20-12.53.00:610][  0]LogConfig: Setting CVar [[r.BloomQuality:1]]
[2019.11.20-12.53.00:610][  0]LogConfig: Setting CVar [[r.FastBlurThreshold:0]]
[2019.11.20-12.53.00:610][  0]LogConfig: Setting CVar [[r.Upscale.Quality:3]]
[2019.11.20-12.53.00:610][  0]LogConfig: Setting CVar [[r.Tonemapper.GrainQuantization:1]]
[2019.11.20-12.53.00:610][  0]LogConfig: Setting CVar [[r.LightShaftQuality:1]]
[2019.11.20-12.53.00:610][  0]LogConfig: Setting CVar [[r.Filter.SizeScale:1]]
[2019.11.20-12.53.00:610][  0]LogConfig: Setting CVar [[r.Tonemapper.Quality:5]]
[2019.11.20-12.53.00:610][  0]LogConfig: Setting CVar [[r.DOF.Gather.AccumulatorQuality:1        ; higher gathering accumulator quality]]
[2019.11.20-12.53.00:610][  0]LogConfig: Setting CVar [[r.DOF.Gather.PostfilterMethod:1          ; Median3x3 postfilering method]]
[2019.11.20-12.53.00:610][  0]LogConfig: Setting CVar [[r.DOF.Gather.EnableBokehSettings:0       ; no bokeh simulation when gathering]]
[2019.11.20-12.53.00:610][  0]LogConfig: Setting CVar [[r.DOF.Gather.RingCount:4                 ; medium number of samples when gathering]]
[2019.11.20-12.53.00:610][  0]LogConfig: Setting CVar [[r.DOF.Scatter.ForegroundCompositing:1    ; additive foreground scattering]]
[2019.11.20-12.53.00:610][  0]LogConfig: Setting CVar [[r.DOF.Scatter.BackgroundCompositing:2    ; additive background scattering]]
[2019.11.20-12.53.00:610][  0]LogConfig: Setting CVar [[r.DOF.Scatter.EnableBokehSettings:1      ; bokeh simulation when scattering]]
[2019.11.20-12.53.00:610][  0]LogConfig: Setting CVar [[r.DOF.Scatter.MaxSpriteRatio:0.1         ; only a maximum of 10% of scattered bokeh]]
[2019.11.20-12.53.00:610][  0]LogConfig: Setting CVar [[r.DOF.Recombine.Quality:1                ; cheap slight out of focus]]
[2019.11.20-12.53.00:610][  0]LogConfig: Setting CVar [[r.DOF.Recombine.EnableBokehSettings:0    ; no bokeh simulation on slight out of focus]]
[2019.11.20-12.53.00:610][  0]LogConfig: Setting CVar [[r.DOF.TemporalAAQuality:1                ; more stable temporal accumulation]]
[2019.11.20-12.53.00:610][  0]LogConfig: Setting CVar [[r.DOF.Kernel.MaxForegroundRadius:0.025]]
[2019.11.20-12.53.00:610][  0]LogConfig: Setting CVar [[r.DOF.Kernel.MaxBackgroundRadius:0.025]]
[2019.11.20-12.53.00:610][  0]LogConfig: Applying CVar settings from Section [TextureQuality@3] File [../../../MyProject/Saved/Config/Windows/Scalability.ini]
[2019.11.20-12.53.00:610][  0]LogConfig: Setting CVar [[r.Streaming.MipBias:0]]
[2019.11.20-12.53.00:610][  0]LogConfig: Setting CVar [[r.Streaming.AmortizeCPUToGPUCopy:0]]
[2019.11.20-12.53.00:610][  0]LogConfig: Setting CVar [[r.Streaming.MaxNumTexturesToStreamPerFrame:0]]
[2019.11.20-12.53.00:610][  0]LogConfig: Setting CVar [[r.Streaming.Boost:1]]
[2019.11.20-12.53.00:610][  0]LogConfig: Setting CVar [[r.MaxAnisotropy:8]]
[2019.11.20-12.53.00:610][  0]LogConfig: Setting CVar [[r.Streaming.LimitPoolSizeToVRAM:0]]
[2019.11.20-12.53.00:610][  0]LogConfig: Setting CVar [[r.Streaming.PoolSize:1000]]
[2019.11.20-12.53.00:610][  0]LogConfig: Setting CVar [[r.Streaming.MaxEffectiveScreenSize:0]]
[2019.11.20-12.53.00:610][  0]LogConfig: Applying CVar settings from Section [EffectsQuality@3] File [../../../MyProject/Saved/Config/Windows/Scalability.ini]
[2019.11.20-12.53.00:610][  0]LogConfig: Setting CVar [[r.TranslucencyLightingVolumeDim:4]]
[2019.11.20-12.53.00:610][  0]LogConfig: Setting CVar [[r.RefractionQuality:2]]
[2019.11.20-12.53.00:610][  0]LogConfig: Setting CVar [[r.SSR.Quality:0]]
[2019.11.20-12.53.00:610][  0]LogConfig: Setting CVar [[r.SceneColorFormat:2]]
[2019.11.20-12.53.00:610][  0]LogConfig: Setting CVar [[r.DetailMode:2]]
[2019.11.20-12.53.00:610][  0]LogConfig: Setting CVar [[r.TranslucencyVolumeBlur:0]]
[2019.11.20-12.53.00:610][  0]LogConfig: Setting CVar [[r.MaterialQualityLevel:1 ; High quality]]
[2019.11.20-12.53.00:610][  0]LogConfig: Setting CVar [[r.SSS.Scale:1]]
[2019.11.20-12.53.00:610][  0]LogConfig: Setting CVar [[r.SSS.SampleSet:2]]
[2019.11.20-12.53.00:610][  0]LogConfig: Setting CVar [[r.SSS.Quality:1]]
[2019.11.20-12.53.00:610][  0]LogConfig: Setting CVar [[r.SSS.HalfRes:1]]
[2019.11.20-12.53.00:610][  0]LogConfig: Setting CVar [[r.EmitterSpawnRateScale:1.0]]
[2019.11.20-12.53.00:610][  0]LogConfig: Setting CVar [[r.ParticleLightQuality:2]]
[2019.11.20-12.53.00:610][  0]LogConfig: Applying CVar settings from Section [FoliageQuality@3] File [../../../MyProject/Saved/Config/Windows/Scalability.ini]
[2019.11.20-12.53.00:610][  0]LogConfig: Setting CVar [[foliage.DensityScale:1.0]]
[2019.11.20-12.53.00:610][  0]LogConfig: Setting CVar [[grass.DensityScale:1.0]]
[2019.11.20-12.53.00:610][  0]LogInit: Selected Device Profile: [Windows]
[2019.11.20-12.53.00:610][  0]LogInit: Applying CVar settings loaded from the selected device profile: [Windows]
[2019.11.20-12.53.00:614][  0]LogHAL: Display: Platform has ~ 16 GB [17125801984 / 17179869184 / 16], which maps to Larger [LargestMinGB=32, LargerMinGB=12, DefaultMinGB=8, SmallerMinGB=6, SmallestMinGB=0)
[2019.11.20-12.53.00:614][  0]LogInit: Going up to parent DeviceProfile []
[2019.11.20-12.53.00:614][  0]LogConfig: Applying CVar settings from Section [ViewDistanceQuality@3] File [../../../MyProject/Saved/Config/Windows/Scalability.ini]
[2019.11.20-12.53.00:614][  0]LogConfig: Setting CVar [[r.SkeletalMeshLODBias:0]]
[2019.11.20-12.53.00:614][  0]LogConfig: Setting CVar [[r.ViewDistanceScale:1.0]]
[2019.11.20-12.53.00:614][  0]LogConfig: Applying CVar settings from Section [AntiAliasingQuality@3] File [../../../MyProject/Saved/Config/Windows/Scalability.ini]
[2019.11.20-12.53.00:614][  0]LogConfig: Setting CVar [[r.PostProcessAAQuality:3]]
[2019.11.20-12.53.00:614][  0]LogConfig: Applying CVar settings from Section [ShadowQuality@3] File [../../../MyProject/Saved/Config/Windows/Scalability.ini]
[2019.11.20-12.53.00:614][  0]LogConfig: Setting CVar [[r.LightFunctionQuality:1]]
[2019.11.20-12.53.00:614][  0]LogConfig: Setting CVar [[r.ShadowQuality:5]]
[2019.11.20-12.53.00:614][  0]LogConfig: Setting CVar [[r.Shadow.CSM.MaxCascades:10]]
[2019.11.20-12.53.00:614][  0]LogConfig: Setting CVar [[r.Shadow.MaxResolution:2048]]
[2019.11.20-12.53.00:614][  0]LogConfig: Setting CVar [[r.Shadow.MaxCSMResolution:2048]]
[2019.11.20-12.53.00:614][  0]LogConfig: Setting CVar [[r.Shadow.RadiusThreshold:0.01]]
[2019.11.20-12.53.00:614][  0]LogConfig: Setting CVar [[r.Shadow.DistanceScale:1.0]]
[2019.11.20-12.53.00:614][  0]LogConfig: Setting CVar [[r.Shadow.CSM.TransitionScale:1.0]]
[2019.11.20-12.53.00:614][  0]LogConfig: Setting CVar [[r.Shadow.PreShadowResolutionFactor:1.0]]
[2019.11.20-12.53.00:614][  0]LogConfig: Setting CVar [[r.DistanceFieldShadowing:1]]
[2019.11.20-12.53.00:614][  0]LogConfig: Setting CVar [[r.DistanceFieldAO:1]]
[2019.11.20-12.53.00:614][  0]LogConfig: Setting CVar [[r.AOQuality:2]]
[2019.11.20-12.53.00:614][  0]LogConfig: Setting CVar [[r.VolumetricFog:1]]
[2019.11.20-12.53.00:614][  0]LogConfig: Setting CVar [[r.VolumetricFog.GridPixelSize:8]]
[2019.11.20-12.53.00:614][  0]LogConfig: Setting CVar [[r.VolumetricFog.GridSizeZ:128]]
[2019.11.20-12.53.00:614][  0]LogConfig: Setting CVar [[r.VolumetricFog.HistoryMissSupersampleCount:4]]
[2019.11.20-12.53.00:614][  0]LogConfig: Setting CVar [[r.LightMaxDrawDistanceScale:1]]
[2019.11.20-12.53.00:614][  0]LogConfig: Setting CVar [[r.CapsuleShadows:1]]
[2019.11.20-12.53.00:614][  0]LogConfig: Applying CVar settings from Section [PostProcessQuality@3] File [../../../MyProject/Saved/Config/Windows/Scalability.ini]
[2019.11.20-12.53.00:614][  0]LogConfig: Setting CVar [[r.MotionBlurQuality:0]]
[2019.11.20-12.53.00:614][  0]LogConfig: Setting CVar [[r.AmbientOcclusionMipLevelFactor:0.4]]
[2019.11.20-12.53.00:615][  0]LogConfig: Setting CVar [[r.AmbientOcclusionMaxQuality:100]]
[2019.11.20-12.53.00:615][  0]LogConfig: Setting CVar [[r.AmbientOcclusionLevels:0]]
[2019.11.20-12.53.00:615][  0]LogConfig: Setting CVar [[r.AmbientOcclusionRadiusScale:1.0]]
[2019.11.20-12.53.00:615][  0]LogConfig: Setting CVar [[r.DepthOfFieldQuality:0]]
[2019.11.20-12.53.00:615][  0]LogConfig: Setting CVar [[r.RenderTargetPoolMin:400]]
[2019.11.20-12.53.00:615][  0]LogConfig: Setting CVar [[r.LensFlareQuality:0]]
[2019.11.20-12.53.00:615][  0]LogConfig: Setting CVar [[r.SceneColorFringeQuality:0]]
[2019.11.20-12.53.00:615][  0]LogConfig: Setting CVar [[r.EyeAdaptationQuality:2]]
[2019.11.20-12.53.00:615][  0]LogConfig: Setting CVar [[r.BloomQuality:1]]
[2019.11.20-12.53.00:615][  0]LogConfig: Setting CVar [[r.FastBlurThreshold:0]]
[2019.11.20-12.53.00:615][  0]LogConfig: Setting CVar [[r.Upscale.Quality:3]]
[2019.11.20-12.53.00:615][  0]LogConfig: Setting CVar [[r.Tonemapper.GrainQuantization:1]]
[2019.11.20-12.53.00:615][  0]LogConfig: Setting CVar [[r.LightShaftQuality:1]]
[2019.11.20-12.53.00:615][  0]LogConfig: Setting CVar [[r.Filter.SizeScale:1]]
[2019.11.20-12.53.00:615][  0]LogConfig: Setting CVar [[r.Tonemapper.Quality:5]]
[2019.11.20-12.53.00:615][  0]LogConfig: Setting CVar [[r.DOF.Gather.AccumulatorQuality:1        ; higher gathering accumulator quality]]
[2019.11.20-12.53.00:615][  0]LogConfig: Setting CVar [[r.DOF.Gather.PostfilterMethod:1          ; Median3x3 postfilering method]]
[2019.11.20-12.53.00:615][  0]LogConfig: Setting CVar [[r.DOF.Gather.EnableBokehSettings:0       ; no bokeh simulation when gathering]]
[2019.11.20-12.53.00:615][  0]LogConfig: Setting CVar [[r.DOF.Gather.RingCount:4                 ; medium number of samples when gathering]]
[2019.11.20-12.53.00:615][  0]LogConfig: Setting CVar [[r.DOF.Scatter.ForegroundCompositing:1    ; additive foreground scattering]]
[2019.11.20-12.53.00:615][  0]LogConfig: Setting CVar [[r.DOF.Scatter.BackgroundCompositing:2    ; additive background scattering]]
[2019.11.20-12.53.00:615][  0]LogConfig: Setting CVar [[r.DOF.Scatter.EnableBokehSettings:1      ; bokeh simulation when scattering]]
[2019.11.20-12.53.00:615][  0]LogConfig: Setting CVar [[r.DOF.Scatter.MaxSpriteRatio:0.1         ; only a maximum of 10% of scattered bokeh]]
[2019.11.20-12.53.00:615][  0]LogConfig: Setting CVar [[r.DOF.Recombine.Quality:1                ; cheap slight out of focus]]
[2019.11.20-12.53.00:615][  0]LogConfig: Setting CVar [[r.DOF.Recombine.EnableBokehSettings:0    ; no bokeh simulation on slight out of focus]]
[2019.11.20-12.53.00:615][  0]LogConfig: Setting CVar [[r.DOF.TemporalAAQuality:1                ; more stable temporal accumulation]]
[2019.11.20-12.53.00:615][  0]LogConfig: Setting CVar [[r.DOF.Kernel.MaxForegroundRadius:0.025]]
[2019.11.20-12.53.00:615][  0]LogConfig: Setting CVar [[r.DOF.Kernel.MaxBackgroundRadius:0.025]]
[2019.11.20-12.53.00:615][  0]LogConfig: Applying CVar settings from Section [TextureQuality@3] File [../../../MyProject/Saved/Config/Windows/Scalability.ini]
[2019.11.20-12.53.00:615][  0]LogConfig: Setting CVar [[r.Streaming.MipBias:0]]
[2019.11.20-12.53.00:615][  0]LogConfig: Setting CVar [[r.Streaming.AmortizeCPUToGPUCopy:0]]
[2019.11.20-12.53.00:615][  0]LogConfig: Setting CVar [[r.Streaming.MaxNumTexturesToStreamPerFrame:0]]
[2019.11.20-12.53.00:615][  0]LogConfig: Setting CVar [[r.Streaming.Boost:1]]
[2019.11.20-12.53.00:615][  0]LogConfig: Setting CVar [[r.MaxAnisotropy:8]]
[2019.11.20-12.53.00:615][  0]LogConfig: Setting CVar [[r.Streaming.LimitPoolSizeToVRAM:0]]
[2019.11.20-12.53.00:615][  0]LogConfig: Setting CVar [[r.Streaming.PoolSize:1000]]
[2019.11.20-12.53.00:615][  0]LogConfig: Setting CVar [[r.Streaming.MaxEffectiveScreenSize:0]]
[2019.11.20-12.53.00:615][  0]LogConfig: Applying CVar settings from Section [EffectsQuality@3] File [../../../MyProject/Saved/Config/Windows/Scalability.ini]
[2019.11.20-12.53.00:615][  0]LogConfig: Setting CVar [[r.TranslucencyLightingVolumeDim:4]]
[2019.11.20-12.53.00:615][  0]LogConfig: Setting CVar [[r.RefractionQuality:2]]
[2019.11.20-12.53.00:615][  0]LogConfig: Setting CVar [[r.SSR.Quality:0]]
[2019.11.20-12.53.00:615][  0]LogConfig: Setting CVar [[r.SceneColorFormat:2]]
[2019.11.20-12.53.00:615][  0]LogConfig: Setting CVar [[r.DetailMode:2]]
[2019.11.20-12.53.00:615][  0]LogConfig: Setting CVar [[r.TranslucencyVolumeBlur:0]]
[2019.11.20-12.53.00:615][  0]LogConfig: Setting CVar [[r.MaterialQualityLevel:1 ; High quality]]
[2019.11.20-12.53.00:615][  0]LogConfig: Setting CVar [[r.SSS.Scale:1]]
[2019.11.20-12.53.00:615][  0]LogConfig: Setting CVar [[r.SSS.SampleSet:2]]
[2019.11.20-12.53.00:615][  0]LogConfig: Setting CVar [[r.SSS.Quality:1]]
[2019.11.20-12.53.00:615][  0]LogConfig: Setting CVar [[r.SSS.HalfRes:1]]
[2019.11.20-12.53.00:615][  0]LogConfig: Setting CVar [[r.EmitterSpawnRateScale:1.0]]
[2019.11.20-12.53.00:615][  0]LogConfig: Setting CVar [[r.ParticleLightQuality:2]]
[2019.11.20-12.53.00:615][  0]LogConfig: Applying CVar settings from Section [FoliageQuality@3] File [../../../MyProject/Saved/Config/Windows/Scalability.ini]
[2019.11.20-12.53.00:615][  0]LogConfig: Setting CVar [[foliage.DensityScale:1.0]]
[2019.11.20-12.53.00:615][  0]LogConfig: Setting CVar [[grass.DensityScale:1.0]]
[2019.11.20-12.53.00:615][  0]LogConfig: Applying CVar settings from Section [Startup] File [../../../Engine/Config/ConsoleVariables.ini]
[2019.11.20-12.53.00:616][  0]LogConfig: Setting CVar [[net.UseAdaptiveNetUpdateFrequency:0]]
[2019.11.20-12.53.00:616][  0]LogConfig: Setting CVar [[p.chaos.AllowCreatePhysxBodies:1]]
[2019.11.20-12.53.00:616][  0]LogConfig: Applying CVar settings from Section [ConsoleVariables] File [../../../MyProject/Saved/Config/Windows/Engine.ini]
[2019.11.20-12.53.00:616][  0]LogInit: Computer: VIVE-PC-3
[2019.11.20-12.53.00:616][  0]LogInit: User: VivePC2
[2019.11.20-12.53.00:616][  0]LogInit: CPU Page size=4096, Cores=8
[2019.11.20-12.53.00:616][  0]LogInit: High frequency timer resolution =10.000000 MHz
[2019.11.20-12.53.00:616][  0]LogMemory: Memory total: Physical=15.9GB (16GB approx)
[2019.11.20-12.53.00:616][  0]LogMemory: Platform Memory Stats for Windows
[2019.11.20-12.53.00:616][  0]LogMemory: Process Physical Memory: 140.25 MB used, 140.26 MB peak
[2019.11.20-12.53.00:616][  0]LogMemory: Process Virtual Memory: 118.34 MB used, 118.34 MB peak
[2019.11.20-12.53.00:616][  0]LogMemory: Physical Memory: 8114.08 MB used,  8218.36 MB free, 16332.44 MB total
[2019.11.20-12.53.00:616][  0]LogMemory: Virtual Memory: 4862.54 MB used,  134212864.00 MB free, 134217728.00 MB total
[2019.11.20-12.53.00:620][  0]LogWindows: WindowsPlatformFeatures enabled
[2019.11.20-12.53.00:651][  0]LogInit: Using OS detected language (en-GB).
[2019.11.20-12.53.00:651][  0]LogInit: Using OS detected locale (en-GB).
[2019.11.20-12.53.00:652][  0]LogTextLocalizationManager: No specific localization for 'en-GB' exists, so the 'en' localization will be used.
[2019.11.20-12.53.00:877][  0]LogSlate: New Slate User Created.  User Index 0, Is Virtual User: 0
[2019.11.20-12.53.00:877][  0]LogSlate: Slate User Registered.  User Index 0, Is Virtual User: 0
[2019.11.20-12.53.00:890][  0]LogD3D11RHI: D3D11 adapters:
[2019.11.20-12.53.00:925][  0]LogD3D11RHI:    0. 'Radeon RX Vega' (Feature Level 11_0)
[2019.11.20-12.53.00:925][  0]LogD3D11RHI:       8120/0/8166 MB DedicatedVideo/DedicatedSystem/SharedSystem, Outputs:1, VendorId:0x1002
[2019.11.20-12.53.00:929][  0]LogD3D11RHI:    1. 'Microsoft Basic Render Driver' (Feature Level 11_0)
[2019.11.20-12.53.00:929][  0]LogD3D11RHI:       0/0/8166 MB DedicatedVideo/DedicatedSystem/SharedSystem, Outputs:0, VendorId:0x1414
[2019.11.20-12.53.00:929][  0]LogD3D11RHI: Chosen D3D11 Adapter: 0
[2019.11.20-12.53.00:939][  0]LogD3D11RHI: Creating new Direct3DDevice
[2019.11.20-12.53.00:940][  0]LogD3D11RHI:     GPU DeviceId: 0x687f (for the marketing name, search the web for "GPU Device Id")
[2019.11.20-12.53.00:940][  0]LogWindows: EnumDisplayDevices:
[2019.11.20-12.53.00:940][  0]LogWindows:    0. 'Radeon RX Vega' (P:1 D:1)
[2019.11.20-12.53.00:940][  0]LogWindows:    1. 'Radeon RX Vega' (P:0 D:0)
[2019.11.20-12.53.00:941][  0]LogWindows:    2. 'Radeon RX Vega' (P:0 D:0)
[2019.11.20-12.53.00:941][  0]LogWindows:    3. 'Radeon RX Vega' (P:0 D:0)
[2019.11.20-12.53.00:941][  0]LogWindows:    4. 'Radeon RX Vega' (P:0 D:0)
[2019.11.20-12.53.00:942][  0]LogWindows:    5. 'Radeon RX Vega' (P:0 D:0)
[2019.11.20-12.53.00:942][  0]LogWindows:    6. 'Radeon RX Vega' (P:0 D:0)
[2019.11.20-12.53.00:942][  0]LogWindows:    7. 'Radeon RX Vega' (P:0 D:0)
[2019.11.20-12.53.00:943][  0]LogWindows: DebugString: FoundDriverCount:8 
[2019.11.20-12.53.00:943][  0]LogD3D11RHI:     Adapter Name: Radeon RX Vega
[2019.11.20-12.53.00:943][  0]LogD3D11RHI:   Driver Version: Adrenalin 2019 19.1.1 (internal:25.20.15011.1004, unified:25.20.15011.1004)
[2019.11.20-12.53.00:943][  0]LogD3D11RHI:      Driver Date: 1-9-2019
[2019.11.20-12.53.00:943][  0]LogRHI: Texture pool is 5684 MB (70% of 8120 MB)
[2019.11.20-12.53.01:180][  0]LogD3D11RHI: Async texture creation enabled
[2019.11.20-12.53.01:191][  0]LogD3D11RHI: GPU Timing Frequency: 27.000000 (Debug: 2 1)
[2019.11.20-12.53.01:554][  0]LogTemp: Display: Module 'WindowsClientTargetPlatform' loaded TargetPlatform 'WindowsClient'
[2019.11.20-12.53.01:565][  0]LogTemp: Display: Module 'WindowsNoEditorTargetPlatform' loaded TargetPlatform 'WindowsNoEditor'
[2019.11.20-12.53.01:576][  0]LogTemp: Display: Module 'WindowsServerTargetPlatform' loaded TargetPlatform 'WindowsServer'
[2019.11.20-12.53.01:582][  0]LogTemp: Display: Module 'WindowsTargetPlatform' loaded TargetPlatform 'Windows'
[2019.11.20-12.53.01:582][  0]LogTargetPlatformManager: Display: Building Assets For Windows
[2019.11.20-12.53.01:594][  0]LogAudioDebug: Display: Lib vorbis DLL was dynamically loaded.
[2019.11.20-12.53.01:660][  0]LogShaderCompilers: Guid format shader working directory is 31 characters bigger than the processId version (../../../MyProject/Intermediate/Shaders/WorkingDirectory/48376/).
[2019.11.20-12.53.01:660][  0]LogShaderCompilers: Cleaned the shader compiler working directory 'C:/Users/Vive PC-2/AppData/Local/Temp/UnrealShaderWorkingDir/CBE67D9142EFA37A177D1EB101EA4D88/'.
[2019.11.20-12.53.01:663][  0]LogXGEController: Cannot use XGE Controller as Incredibuild is not installed on this machine.
[2019.11.20-12.53.01:663][  0]LogShaderCompilers: Cannot use XGE Shader Compiler as Incredibuild is not installed on this machine.
[2019.11.20-12.53.01:663][  0]LogShaderCompilers: Display: Using Local Shader Compiler.
[2019.11.20-12.53.02:386][  0]LogDerivedDataCache: Display: Max Cache Size: 512 MB
[2019.11.20-12.53.02:465][  0]LogDerivedDataCache: Loaded boot cache 0.08s 93MB C:/Users/Vive PC-2/AppData/Local/UnrealEngine/4.23/DerivedDataCache/Boot.ddc.
[2019.11.20-12.53.02:465][  0]LogDerivedDataCache: Display: Loaded Boot cache: C:/Users/Vive PC-2/AppData/Local/UnrealEngine/4.23/DerivedDataCache/Boot.ddc
[2019.11.20-12.53.02:465][  0]LogDerivedDataCache: FDerivedDataBackendGraph:  Pak pak cache file ../../../MyProject/DerivedDataCache/DDC.ddp not found, will not use a pak cache.
[2019.11.20-12.53.02:465][  0]LogDerivedDataCache: Unable to find inner node Pak for hierarchical cache Hierarchy.
[2019.11.20-12.53.02:465][  0]LogDerivedDataCache: FDerivedDataBackendGraph:  CompressedPak pak cache file ../../../MyProject/DerivedDataCache/Compressed.ddp not found, will not use a pak cache.
[2019.11.20-12.53.02:465][  0]LogDerivedDataCache: Unable to find inner node CompressedPak for hierarchical cache Hierarchy.
[2019.11.20-12.53.02:478][  0]LogDerivedDataCache: Display: Pak cache opened for reading ../../../Engine/DerivedDataCache/Compressed.ddp.
[2019.11.20-12.53.02:478][  0]LogDerivedDataCache: FDerivedDataBackendGraph:  EnterprisePak pak cache file ../../../Enterprise/DerivedDataCache/Compressed.ddp not found, will not use a pak cache.
[2019.11.20-12.53.02:478][  0]LogDerivedDataCache: Unable to find inner node EnterprisePak for hierarchical cache Hierarchy.
[2019.11.20-12.53.02:479][  0]LogDerivedDataCache: Using Local data cache path C:/Users/Vive PC-2/AppData/Local/UnrealEngine/Common/DerivedDataCache: Writable
[2019.11.20-12.53.02:479][  0]LogDerivedDataCache: Shared data cache path not found in *engine.ini, will not use an Shared cache.
[2019.11.20-12.53.02:479][  0]LogDerivedDataCache: Unable to find inner node Shared for hierarchical cache Hierarchy.
[2019.11.20-12.53.02:503][  0]LogMaterial: Verifying Global Shaders for PCD3D_SM5
[2019.11.20-12.53.02:507][  0]LogSlate: Using FreeType 2.6.0
[2019.11.20-12.53.02:508][  0]LogSlate: SlateFontServices - WITH_FREETYPE: 1, WITH_HARFBUZZ: 1
[2019.11.20-12.53.02:645][  0]LogInit: Using OS detected language (en-GB).
[2019.11.20-12.53.02:645][  0]LogInit: Using OS detected locale (en-GB).
[2019.11.20-12.53.02:645][  0]LogTextLocalizationManager: No localization for 'en-GB' exists, so 'en' will be used for the language.
[2019.11.20-12.53.02:645][  0]LogTextLocalizationManager: No localization for 'en-GB' exists, so 'en' will be used for the locale.
[2019.11.20-12.53.02:645][  0]LogSlate: FontCache flush requested. Reason: Culture for localization was changed
[2019.11.20-12.53.02:645][  0]LogSlate: FontCache flush requested. Reason: Culture for localization was changed
[2019.11.20-12.53.02:646][  0]LogTextLocalizationManager: Compacting localization data took   0.00ms
[2019.11.20-12.53.02:652][  0]LogAssetRegistry: FAssetRegistry took 0.0018 seconds to start up
[2019.11.20-12.53.02:890][  0]LogPackageLocalizationCache: Processed 12 localized package path(s) for 1 prioritized culture(s) in 0.000717 seconds
[2019.11.20-12.53.02:956][  0]LogInit: Selected Device Profile: [Windows]
[2019.11.20-12.53.03:014][  0]LogMeshReduction: Using QuadricMeshReduction for automatic static mesh reduction
[2019.11.20-12.53.03:014][  0]LogMeshReduction: Using SimplygonMeshReduction for automatic skeletal mesh reduction
[2019.11.20-12.53.03:014][  0]LogMeshReduction: Using ProxyLODMeshReduction for automatic mesh merging
[2019.11.20-12.53.03:014][  0]LogMeshReduction: No distributed automatic mesh merging module available
[2019.11.20-12.53.03:014][  0]LogMeshMerging: No distributed automatic mesh merging module available
[2019.11.20-12.53.03:122][  0]LogNetVersion: MyProject 1.0.0, NetCL: 8386587, EngineNetVer: 11, GameNetVer: 0 (Checksum: 2896792207)
[2019.11.20-12.53.03:693][  0]LogMoviePlayer: Initializing movie player
[2019.11.20-12.53.03:800][  0]LogTcpMessaging: Initializing TcpMessaging bridge
[2019.11.20-12.53.03:802][  0]LogUdpMessaging: Initializing bridge on interface 0.0.0.0:0 to multicast group 230.0.0.1:6666.
[2019.11.20-12.53.03:840][  0]SourceControl: Source control is disabled
[2019.11.20-12.53.03:840][  0]SourceControl: Source control is disabled
[2019.11.20-12.53.03:841][  0]SourceControl: Source control is disabled
[2019.11.20-12.53.03:899][  0]LogAndroidPermission: UAndroidPermissionCallbackProxy::GetInstance
[2019.11.20-12.53.04:033][  0]LogOcInput: OculusInput pre-init called
[2019.11.20-12.53.04:046][  0]LogUObjectArray: 48875 objects as part of root set at end of initial load.
[2019.11.20-12.53.04:046][  0]LogUObjectAllocator: 8620872 out of 0 bytes used by permanent object pool.
[2019.11.20-12.53.04:046][  0]LogUObjectArray: CloseDisregardForGC: 0/0 objects in disregard for GC pool
[2019.11.20-12.53.04:115][  0]LogEngine: Initializing Engine...
[2019.11.20-12.53.04:117][  0]LogStats: UGameplayTagsManager::InitializeManager -  0.000 s
[2019.11.20-12.53.04:301][  0]LogInit: Initializing FReadOnlyCVARCache
[2019.11.20-12.53.04:326][  0]LogInit: XAudio2 using 'Headphones (2- Rift Audio)' : 2 channels at 48 kHz using 16 bits per sample (channel mask 0x3)
[2019.11.20-12.53.04:341][  0]LogInit: FAudioDevice initialized.
[2019.11.20-12.53.04:342][  0]LogNetVersion: Set ProjectVersion to 1.0.0.0. Version Checksum will be recalculated on next use.
[2019.11.20-12.53.04:353][  0]LogInit: Texture streaming: Enabled
[2019.11.20-12.53.04:582][  0]LogSlate: Updating window title bar state: overlay mode, drag disabled, window buttons hidden, title bar hidden
[2019.11.20-12.53.04:584][  0]LogInit: Display: Game Engine Initialized.
[2019.11.20-12.53.04:645][  0]LogInit: Display: Starting Game.
[2019.11.20-12.53.04:646][  0]LogNet: Browse: /Game/VirtualRealityBP/Maps/MainMenu?Name=Player
[2019.11.20-12.53.04:646][  0]LogLoad: LoadMap: /Game/VirtualRealityBP/Maps/MainMenu?Name=Player
[2019.11.20-12.53.04:646][  0]LogWorld: BeginTearingDown for /Temp/Untitled_0
[2019.11.20-12.53.04:652][  0]LogWorld: UWorld::CleanupWorld for Untitled, bSessionEnded=true, bCleanupResources=true
[2019.11.20-12.53.04:694][  0]LogUObjectHash: Compacting FUObjectHashTables data took   2.52ms
[2019.11.20-12.53.04:724][  0]LogAIModule: Creating AISystem for world MainMenu
[2019.11.20-12.53.04:725][  0]LogLoad: Game class is 'MainMenuGM_C'
[2019.11.20-12.53.04:726][  0]LogWorld: Bringing World /Game/VirtualRealityBP/Maps/MainMenu.MainMenu up for play (max tick rate 0) at 2019.11.20-12.53.04
[2019.11.20-12.53.04:727][  0]LogWorld: Bringing up level for play took: 0.001332
[2019.11.20-12.53.04:730][  0]LogGameMode: FindPlayerStart: PATHS NOT DEFINED or NO PLAYERSTART with positive rating
[2019.11.20-12.53.04:754][  0]PIE: Error: SetInputMode_UIOnly expects a valid player controller as 'PlayerController' target
[2019.11.20-12.53.04:754][  0]LogLoad: Took 0.107810 seconds to LoadMap(/Game/VirtualRealityBP/Maps/MainMenu)
[2019.11.20-12.53.04:789][  0]LogRenderer: Reallocating scene render targets to support 1280x720 Format 26 NumSamples 1 (Frame:1).
[2019.11.20-12.53.04:789][  0]LogLoad: (Engine Initialization) Total time: 6.29 seconds
[2019.11.20-12.53.04:789][  0]LogLoad: (Engine Initialization) Total Blueprint compile time: 0.00 seconds
[2019.11.20-12.53.04:872][  0]LogOcInput: OculusInput is initialized
[2019.11.20-12.53.04:876][  0]LogContentStreaming: Texture pool size now 1000 MB
[2019.11.20-12.53.16:985][751]LogWindowsDesktop: Alt-F4 pressed!
[2019.11.20-12.53.16:992][751]LogSlate: Window 'MyProject (64-bit Development PCD3D_SM5) ' being destroyed
[2019.11.20-12.53.16:993][751]LogWindowsTextInputMethodSystem: Display: IME system now deactivated.
[2019.11.20-12.53.16:998][751]LogWindowsTextInputMethodSystem: Display: IME system now deactivated.
[2019.11.20-12.53.16:999][751]LogSlate: Updating window title bar state: overlay mode, drag disabled, window buttons hidden, title bar hidden
[2019.11.20-12.53.16:999][751]LogEngine: All Windows Closed
[2019.11.20-12.53.16:999][751]LogWindows: FPlatformMisc::RequestExit(0)
[2019.11.20-12.53.17:005][752]LogWorld: BeginTearingDown for /Game/VirtualRealityBP/Maps/MainMenu
[2019.11.20-12.53.17:005][752]LogWorld: UWorld::CleanupWorld for MainMenu, bSessionEnded=true, bCleanupResources=true
[2019.11.20-12.53.17:124][752]LogExit: Preparing to exit.
[2019.11.20-12.53.17:124][752]LogMoviePlayer: Shutting down movie player
[2019.11.20-12.53.17:822][752]LogSlate: Updating window title bar state: overlay mode, drag disabled, window buttons hidden, title bar hidden
[2019.11.20-12.53.17:828][752]LogDemo: Cleaned up 0 splitscreen connections with owner deletion
[2019.11.20-12.53.17:829][752]LogExit: Game engine shut down
[2019.11.20-12.53.17:907][752]LogExit: Object subsystem successfully closed.
[2019.11.20-12.53.17:926][752]LogShaderCompilers: Display: Shaders left to compile 0
[2019.11.20-12.53.17:948][752]LogModuleManager: Shutting down and abandoning module SequenceRecorderSections (410)
[2019.11.20-12.53.17:948][752]LogModuleManager: Shutting down and abandoning module SequenceRecorder (408)
[2019.11.20-12.53.17:948][752]LogModuleManager: Shutting down and abandoning module AutomationController (406)
[2019.11.20-12.53.17:948][752]LogModuleManager: Shutting down and abandoning module AutomationWorker (404)
[2019.11.20-12.53.17:948][752]LogModuleManager: Shutting down and abandoning module Voice (402)
[2019.11.20-12.53.17:948][752]LogModuleManager: Shutting down and abandoning module AIModule (400)
[2019.11.20-12.53.17:948][752]LogModuleManager: Shutting down and abandoning module GameplayDebugger (399)
[2019.11.20-12.53.17:948][752]LogModuleManager: Shutting down and abandoning module AITestSuite (397)
[2019.11.20-12.53.17:948][752]LogModuleManager: Shutting down and abandoning module NavigationSystem (395)
[2019.11.20-12.53.17:948][752]LogModuleManager: Shutting down and abandoning module OculusMR (392)
[2019.11.20-12.53.17:948][752]LogModuleManager: Shutting down and abandoning module WmfMediaFactory (390)
[2019.11.20-12.53.17:948][752]LogModuleManager: Shutting down and abandoning module WebMMediaFactory (388)
[2019.11.20-12.53.17:948][752]LogModuleManager: Shutting down and abandoning module WebMMedia (386)
[2019.11.20-12.53.17:948][752]LogModuleManager: Shutting down and abandoning module OpenExrWrapper (384)
[2019.11.20-12.53.17:948][752]LogModuleManager: Shutting down and abandoning module ImgMediaFactory (382)
[2019.11.20-12.53.17:948][752]LogModuleManager: Shutting down and abandoning module AvfMediaFactory (380)
[2019.11.20-12.53.17:948][752]LogModuleManager: Shutting down and abandoning module MagicLeapCameraPreviewFactory (378)
[2019.11.20-12.53.17:948][752]LogModuleManager: Shutting down and abandoning module MagicLeapMediaCodecFactory (376)
[2019.11.20-12.53.17:948][752]LogModuleManager: Shutting down and abandoning module MagicLeapMediaFactory (374)
[2019.11.20-12.53.17:948][752]LogModuleManager: Shutting down and abandoning module CharacterAI (372)
[2019.11.20-12.53.17:948][752]LogModuleManager: Shutting down and abandoning module SessionServices (370)
[2019.11.20-12.53.17:948][752]LogModuleManager: Shutting down and abandoning module MovieSceneCapture (368)
[2019.11.20-12.53.17:948][752]LogModuleManager: Shutting down and abandoning module LiveCoding (366)
[2019.11.20-12.53.17:948][752]LogModuleManager: Shutting down and abandoning module LevelSequence (364)
[2019.11.20-12.53.17:948][752]LogModuleManager: Shutting down and abandoning module MovieSceneTracks (362)
[2019.11.20-12.53.17:949][752]LogModuleManager: Shutting down and abandoning module MovieScene (360)
[2019.11.20-12.53.17:949][752]LogModuleManager: Shutting down and abandoning module StreamingPauseRendering (358)
[2019.11.20-12.53.17:949][752]LogModuleManager: Shutting down and abandoning module PortalServices (356)
[2019.11.20-12.53.17:949][752]LogModuleManager: Shutting down and abandoning module PortalRpc (354)
[2019.11.20-12.53.17:949][752]LogModuleManager: Shutting down and abandoning module MessagingRpc (352)
[2019.11.20-12.53.17:949][752]LogModuleManager: Shutting down and abandoning module ImageWriteQueue (350)
[2019.11.20-12.53.17:951][752]LogModuleManager: Shutting down and abandoning module ProfilerService (348)
[2019.11.20-12.53.18:073][752]LogModuleManager: Shutting down and abandoning module TaskGraph (346)
[2019.11.20-12.53.18:073][752]LogModuleManager: Shutting down and abandoning module SteamVRController (344)
[2019.11.20-12.53.18:073][752]LogModuleManager: Shutting down and abandoning module ProceduralMeshComponent (342)
[2019.11.20-12.53.18:073][752]LogModuleManager: Shutting down and abandoning module OculusInput (340)
[2019.11.20-12.53.18:073][752]LogModuleManager: Shutting down and abandoning module MobilePatchingUtils (338)
[2019.11.20-12.53.18:073][752]LogModuleManager: Shutting down and abandoning module EditableMesh (336)
[2019.11.20-12.53.18:073][752]LogModuleManager: Shutting down and abandoning module CustomMeshComponent (334)
[2019.11.20-12.53.18:073][752]LogModuleManager: Shutting down and abandoning module CableComponent (332)
[2019.11.20-12.53.18:073][752]LogModuleManager: Shutting down and abandoning module AudioCapture (330)
[2019.11.20-12.53.18:073][752]LogModuleManager: Shutting down and abandoning module ArchVisCharacter (328)
[2019.11.20-12.53.18:073][752]LogModuleManager: Shutting down and abandoning module AppleImageUtilsBlueprintSupport (326)
[2019.11.20-12.53.18:073][752]LogModuleManager: Shutting down and abandoning module AppleImageUtils (324)
[2019.11.20-12.53.18:073][752]LogModuleManager: Shutting down and abandoning module AndroidPermission (322)
[2019.11.20-12.53.18:074][752]LogModuleManager: Shutting down and abandoning module NUTUnrealEngine4 (318)
[2019.11.20-12.53.18:074][752]LogModuleManager: Shutting down and abandoning module NetcodeUnitTest (316)
[2019.11.20-12.53.18:074][752]LogModuleManager: Shutting down and abandoning module MediaCompositing (314)
[2019.11.20-12.53.18:074][752]LogModuleManager: Shutting down and abandoning module ImgMedia (312)
[2019.11.20-12.53.18:074][752]LogModuleManager: Shutting down and abandoning module MagicLeapHelperVulkan (310)
[2019.11.20-12.53.18:074][752]LogModuleManager: Shutting down and abandoning module MagicLeapHelperOpenGL (308)
[2019.11.20-12.53.18:074][752]LogModuleManager: Shutting down and abandoning module MagicLeapAudio (306)
[2019.11.20-12.53.18:074][752]LogModuleManager: Shutting down and abandoning module HTML5Networking (304)
[2019.11.20-12.53.18:074][752]LogModuleManager: Shutting down and abandoning module GeometryCacheTracks (302)
[2019.11.20-12.53.18:074][752]LogModuleManager: Shutting down and abandoning module GeometryCacheSequencer (301)
[2019.11.20-12.53.18:074][752]LogModuleManager: Shutting down and abandoning module GeometryCache (298)
[2019.11.20-12.53.18:074][752]LogModuleManager: Shutting down and abandoning module GeometryCacheEd (297)
[2019.11.20-12.53.18:074][752]LogModuleManager: Shutting down and abandoning module BackChannel (294)
[2019.11.20-12.53.18:074][752]LogModuleManager: Shutting down and abandoning module AutomationUtils (292)
[2019.11.20-12.53.18:074][752]LogModuleManager: Shutting down and abandoning module VariantManagerContent (290)
[2019.11.20-12.53.18:074][752]LogModuleManager: Shutting down and abandoning module CryptoKeysOpenSSL (288)
[2019.11.20-12.53.18:074][752]LogModuleManager: Shutting down and abandoning module CryptoKeys (286)
[2019.11.20-12.53.18:074][752]LogModuleManager: Shutting down and abandoning module VisualStudioSourceCodeAccess (284)
[2019.11.20-12.53.18:074][752]LogModuleManager: Shutting down and abandoning module HotReload (283)
[2019.11.20-12.53.18:074][752]LogModuleManager: Shutting down and abandoning module DirectoryWatcher (282)
[2019.11.20-12.53.18:074][752]LogModuleManager: Shutting down and abandoning module VisualStudioCodeSourceCodeAccess (278)
[2019.11.20-12.53.18:074][752]LogModuleManager: Shutting down and abandoning module UObjectPlugin (276)
[2019.11.20-12.53.18:074][752]LogModuleManager: Shutting down and abandoning module SubversionSourceControl (274)
[2019.11.20-12.53.18:074][752]LogModuleManager: Shutting down and abandoning module PerforceSourceControl (272)
[2019.11.20-12.53.18:074][752]LogModuleManager: Shutting down and abandoning module SourceControl (271)
[2019.11.20-12.53.18:074][752]LogModuleManager: Shutting down and abandoning module CLionSourceCodeAccess (268)
[2019.11.20-12.53.18:074][752]LogModuleManager: Shutting down and abandoning module ActorLayerUtilities (266)
[2019.11.20-12.53.18:074][752]LogModuleManager: Shutting down and abandoning module SignificanceManager (264)
[2019.11.20-12.53.18:074][752]LogModuleManager: Shutting down and abandoning module RuntimePhysXCooking (262)
[2019.11.20-12.53.18:074][752]LogModuleManager: Shutting down and abandoning module PhysXVehiclesEditor (260)
[2019.11.20-12.53.18:074][752]LogModuleManager: Shutting down and abandoning module LocationServicesBPLibrary (256)
[2019.11.20-12.53.18:074][752]LogModuleManager: Shutting down and abandoning module ActorSequence (254)
[2019.11.20-12.53.18:074][752]LogModuleManager: Shutting down and abandoning module UdpMessaging (252)
[2019.11.20-12.53.18:175][752]LogModuleManager: Shutting down and abandoning module TcpMessaging (250)
[2019.11.20-12.53.18:809][752]LogModuleManager: Shutting down and abandoning module MagicLeapIdentity (248)
[2019.11.20-12.53.18:809][752]LogModuleManager: Shutting down and abandoning module MagicLeapSecureStorage (246)
[2019.11.20-12.53.18:809][752]LogModuleManager: Shutting down and abandoning module MagicLeapHandTracking (244)
[2019.11.20-12.53.18:809][752]LogModuleManager: Shutting down and abandoning module MagicLeapEyeTracker (242)
[2019.11.20-12.53.18:809][752]LogModuleManager: Shutting down and abandoning module MagicLeapController (240)
[2019.11.20-12.53.18:810][752]LogSlate: Slate User Destroyed.  User Index 0, Is Virtual User: 0
[2019.11.20-12.53.18:810][752]LogModuleManager: Shutting down and abandoning module MagicLeapAR (238)
[2019.11.20-12.53.18:810][752]LogModuleManager: Shutting down and abandoning module AugmentedReality (237)
[2019.11.20-12.53.18:810][752]LogModuleManager: Shutting down and abandoning module GameplayTagsEditor (234)
[2019.11.20-12.53.18:810][752]LogModuleManager: Shutting down and abandoning module FacialAnimation (232)
[2019.11.20-12.53.18:810][752]LogModuleManager: Shutting down and abandoning module AssetManagerEditor (230)
[2019.11.20-12.53.18:810][752]LogModuleManager: Shutting down and abandoning module TreeMap (229)
[2019.11.20-12.53.18:810][752]LogModuleManager: Shutting down and abandoning module AnimationSharing (226)
[2019.11.20-12.53.18:810][752]LogModuleManager: Shutting down and abandoning module LightPropagationVolumeRuntime (224)
[2019.11.20-12.53.18:810][752]LogModuleManager: Shutting down and abandoning module Paper2D (222)
[2019.11.20-12.53.18:810][752]LogModuleManager: Shutting down and abandoning module WindowsMoviePlayer (220)
[2019.11.20-12.53.18:810][752]LogModuleManager: Shutting down and abandoning module WebMMoviePlayer (218)
[2019.11.20-12.53.18:810][752]LogModuleManager: Shutting down and abandoning module NetworkReplayStreaming (216)
[2019.11.20-12.53.18:810][752]LogModuleManager: Shutting down and abandoning module PacketHandler (214)
[2019.11.20-12.53.18:810][752]LogModuleManager: Shutting down and abandoning module ClothingSystemEditor (212)
[2019.11.20-12.53.18:810][752]LogModuleManager: Shutting down and abandoning module ClothingSystemRuntime (210)
[2019.11.20-12.53.18:810][752]LogModuleManager: Shutting down and abandoning module MediaAssets (208)
[2019.11.20-12.53.18:810][752]LogModuleManager: Shutting down and abandoning module Overlay (206)
[2019.11.20-12.53.18:810][752]LogModuleManager: Shutting down and abandoning module OverlayEditor (205)
[2019.11.20-12.53.18:810][752]LogModuleManager: Shutting down and abandoning module VREditor (202)
[2019.11.20-12.53.18:810][752]LogModuleManager: Shutting down and abandoning module StringTableEditor (200)
[2019.11.20-12.53.18:810][752]LogModuleManager: Shutting down and abandoning module GameplayTasksEditor (198)
[2019.11.20-12.53.18:810][752]LogModuleManager: Shutting down and abandoning module BehaviorTreeEditor (196)
[2019.11.20-12.53.18:810][752]LogModuleManager: Shutting down and abandoning module FunctionalTesting (194)
[2019.11.20-12.53.18:810][752]LogModuleManager: Shutting down and abandoning module CollisionAnalyzer (192)
[2019.11.20-12.53.18:810][752]LogModuleManager: Shutting down and abandoning module WorkspaceMenuStructure (191)
[2019.11.20-12.53.18:810][752]LogModuleManager: Shutting down and abandoning module UMG (188)
[2019.11.20-12.53.18:810][752]LogModuleManager: Shutting down and abandoning module UMGEditor (187)
[2019.11.20-12.53.18:810][752]LogModuleManager: Shutting down and abandoning module Sequencer (186)
[2019.11.20-12.53.18:810][752]LogModuleManager: Shutting down and abandoning module MessageLog (183)
[2019.11.20-12.53.18:811][752]LogModuleManager: Shutting down and abandoning module SlateReflector (178)
[2019.11.20-12.53.18:811][752]LogModuleManager: Shutting down and abandoning module Slate (176)
[2019.11.20-12.53.18:811][752]LogModuleManager: Shutting down and abandoning module LandscapeEditorUtilities (174)
[2019.11.20-12.53.18:811][752]LogModuleManager: Shutting down and abandoning module EditorStyle (172)
[2019.11.20-12.53.18:812][752]LogModuleManager: Shutting down and abandoning module UnrealEd (170)
[2019.11.20-12.53.18:812][752]LogModuleManager: Shutting down and abandoning module MRMesh (168)
[2019.11.20-12.53.18:812][752]LogModuleManager: Shutting down and abandoning module Messaging (166)
[2019.11.20-12.53.18:812][752]LogModuleManager: Shutting down and abandoning module SourceCodeAccess (164)
[2019.11.20-12.53.18:812][752]LogModuleManager: Shutting down and abandoning module HeadMountedDisplay (162)
[2019.11.20-12.53.18:812][752]LogModuleManager: Shutting down and abandoning module XAudio2 (160)
[2019.11.20-12.53.18:812][752]LogModuleManager: Shutting down and abandoning module Networking (158)
[2019.11.20-12.53.18:812][752]LogModuleManager: Shutting down and abandoning module Core (156)
[2019.11.20-12.53.18:812][752]LogModuleManager: Shutting down and abandoning module KismetCompiler (154)
[2019.11.20-12.53.18:812][752]LogModuleManager: Shutting down and abandoning module MeshUtilities (152)
[2019.11.20-12.53.18:812][752]LogModuleManager: Shutting down and abandoning module MeshMergeUtilities (151)
[2019.11.20-12.53.18:812][752]LogModuleManager: Shutting down and abandoning module MeshReductionInterface (150)
[2019.11.20-12.53.18:812][752]LogModuleManager: Shutting down and abandoning module SkeletalMeshReduction (149)
[2019.11.20-12.53.18:812][752]LogModuleManager: Shutting down and abandoning module ProxyLODMeshReduction (147)
[2019.11.20-12.53.18:812][752]LogModuleManager: Shutting down and abandoning module QuadricMeshReduction (145)
[2019.11.20-12.53.18:812][752]LogModuleManager: Shutting down and abandoning module MaterialBaking (141)
[2019.11.20-12.53.18:812][752]LogModuleManager: Shutting down and abandoning module NullInstallBundleManager (136)
[2019.11.20-12.53.18:812][752]LogModuleManager: Shutting down and abandoning module PIEPreviewDeviceProfileSelector (134)
[2019.11.20-12.53.18:812][752]LogModuleManager: Shutting down and abandoning module DerivedDataCache (132)
[2019.11.20-12.53.18:997][752]LogDerivedDataCache: Shutdown
[2019.11.20-12.53.18:997][752]LogModuleManager: Shutting down and abandoning module XGEController (130)
[2019.11.20-12.53.18:997][752]LogModuleManager: Shutting down and abandoning module TargetPlatform (128)
[2019.11.20-12.53.18:997][752]LogModuleManager: Shutting down and abandoning module VulkanShaderFormat (127)
[2019.11.20-12.53.18:997][752]LogModuleManager: Shutting down and abandoning module ShaderFormatVectorVM (125)
[2019.11.20-12.53.18:997][752]LogModuleManager: Shutting down and abandoning module ShaderFormatOpenGL (123)
[2019.11.20-12.53.18:997][752]LogModuleManager: Shutting down and abandoning module ShaderFormatD3D (121)
[2019.11.20-12.53.18:997][752]LogModuleManager: Shutting down and abandoning module MetalShaderFormat (119)
[2019.11.20-12.53.18:997][752]LogModuleManager: Shutting down and abandoning module TextureFormatUncompressed (117)
[2019.11.20-12.53.18:997][752]LogModuleManager: Shutting down and abandoning module TextureFormatPVR (115)
[2019.11.20-12.53.18:997][752]LogModuleManager: Shutting down and abandoning module TextureFormatDXT (113)
[2019.11.20-12.53.18:997][752]LogModuleManager: Shutting down and abandoning module TextureFormatIntelISPCTexComp (111)
[2019.11.20-12.53.18:997][752]LogModuleManager: Shutting down and abandoning module TextureFormatASTC (109)
[2019.11.20-12.53.18:997][752]LogModuleManager: Shutting down and abandoning module ImageWrapper (108)
[2019.11.20-12.53.18:997][752]LogModuleManager: Shutting down and abandoning module TextureFormatAndroid (105)
[2019.11.20-12.53.18:997][752]LogModuleManager: Shutting down and abandoning module AudioFormatOpus (103)
[2019.11.20-12.53.18:997][752]LogModuleManager: Shutting down and abandoning module AudioFormatOgg (101)
[2019.11.20-12.53.18:997][752]LogModuleManager: Shutting down and abandoning module AudioFormatADPCM (99)
[2019.11.20-12.53.18:997][752]LogModuleManager: Shutting down and abandoning module WindowsTargetPlatform (97)
[2019.11.20-12.53.18:997][752]LogModuleManager: Shutting down and abandoning module WindowsServerTargetPlatform (95)
[2019.11.20-12.53.18:997][752]LogModuleManager: Shutting down and abandoning module WindowsNoEditorTargetPlatform (93)
[2019.11.20-12.53.18:997][752]LogModuleManager: Shutting down and abandoning module WindowsClientTargetPlatform (91)
[2019.11.20-12.53.18:997][752]LogModuleManager: Shutting down and abandoning module InputCore (88)
[2019.11.20-12.53.18:997][752]LogModuleManager: Shutting down and abandoning module Settings (86)
[2019.11.20-12.53.18:997][752]LogModuleManager: Shutting down and abandoning module PhysXCooking (84)
[2019.11.20-12.53.18:997][752]LogModuleManager: Shutting down and abandoning module WindowsPlatformFeatures (82)
[2019.11.20-12.53.18:997][752]LogModuleManager: Shutting down and abandoning module GameplayMediaEncoder (81)
[2019.11.20-12.53.18:997][752]LogModuleManager: Shutting down and abandoning module SteamVR (78)
[2019.11.20-12.53.18:997][752]LogHMD: Freeing OpenVRDLLHandle.
[2019.11.20-12.53.18:997][752]LogModuleManager: Shutting down and abandoning module OculusHMD (76)
[2019.11.20-12.53.18:997][752]LogModuleManager: Shutting down and abandoning module ExampleDeviceProfileSelector (74)
[2019.11.20-12.53.18:998][752]LogModuleManager: Shutting down and abandoning module LauncherChunkInstaller (72)
[2019.11.20-12.53.18:998][752]LogModuleManager: Shutting down and abandoning module OnlineBlueprintSupport (70)
[2019.11.20-12.53.18:998][752]LogModuleManager: Shutting down and abandoning module OnlineSubsystem (66)
[2019.11.20-12.53.18:998][752]LogOnline: Display: STEAM: OnlineSubsystemSteam::Shutdown()
[2019.11.20-12.53.18:999][752]LogOnline: STEAM: AUTH: Revoking all tickets.
[2019.11.20-12.53.19:060][752]LogOnline: Display: STEAM: OnlineSubsystemSteam::Shutdown()
[2019.11.20-12.53.19:060][752]LogModuleManager: Shutting down and abandoning module XMPP (61)
[2019.11.20-12.53.19:060][752]LogModuleManager: Shutting down and abandoning module WebSockets (60)
[2019.11.20-12.53.19:073][752]LogModuleManager: Shutting down and abandoning module HTTP (57)
[2019.11.20-12.53.19:082][752]LogModuleManager: Shutting down and abandoning module SSL (56)
[2019.11.20-12.53.19:083][752]LogModuleManager: Shutting down and abandoning module WmfMedia (52)
[2019.11.20-12.53.19:084][752]LogModuleManager: Shutting down and abandoning module Media (51)
[2019.11.20-12.53.19:085][752]LogModuleManager: Shutting down and abandoning module MagicLeap (48)
[2019.11.20-12.53.19:085][752]LogModuleManager: Shutting down and abandoning module DatasmithContent (46)
[2019.11.20-12.53.19:085][752]LogModuleManager: Shutting down and abandoning module AISupportModule (44)
[2019.11.20-12.53.19:085][752]LogModuleManager: Shutting down and abandoning module PlatformCryptoOpenSSL (42)
[2019.11.20-12.53.19:085][752]LogModuleManager: Shutting down and abandoning module PlatformCrypto (40)
[2019.11.20-12.53.19:085][752]LogModuleManager: Shutting down and abandoning module AnimationModifiers (38)
[2019.11.20-12.53.19:085][752]LogModuleManager: Shutting down and abandoning module PropertyEditor (37)
[2019.11.20-12.53.19:085][752]LogModuleManager: Shutting down and abandoning module AudioEditor (34)
[2019.11.20-12.53.19:085][752]LogModuleManager: Shutting down and abandoning module TextureCompressor (32)
[2019.11.20-12.53.19:086][752]LogModuleManager: Shutting down and abandoning module RenderCore (30)
[2019.11.20-12.53.19:086][752]LogModuleManager: Shutting down and abandoning module Landscape (28)
[2019.11.20-12.53.19:086][752]LogModuleManager: Shutting down and abandoning module SlateRHIRenderer (26)
[2019.11.20-12.53.19:086][752]LogModuleManager: Shutting down and abandoning module OpenGLDrv (24)
[2019.11.20-12.53.19:086][752]LogModuleManager: Shutting down and abandoning module D3D11RHI (22)
[2019.11.20-12.53.19:086][752]LogModuleManager: Shutting down and abandoning module AnimGraphRuntime (20)
[2019.11.20-12.53.19:086][752]LogModuleManager: Shutting down and abandoning module Renderer (18)
[2019.11.20-12.53.19:086][752]LogModuleManager: Shutting down and abandoning module Engine (16)
[2019.11.20-12.53.19:086][752]LogModuleManager: Shutting down and abandoning module CoreUObject (14)
[2019.11.20-12.53.19:086][752]LogModuleManager: Shutting down and abandoning module NetworkFile (12)
[2019.11.20-12.53.19:086][752]LogModuleManager: Shutting down and abandoning module CookedIterativeFile (10)
[2019.11.20-12.53.19:086][752]LogModuleManager: Shutting down and abandoning module StreamingFile (8)
[2019.11.20-12.53.19:086][752]LogModuleManager: Shutting down and abandoning module SandboxFile (6)
[2019.11.20-12.53.19:086][752]LogModuleManager: Shutting down and abandoning module PakFile (4)
[2019.11.20-12.53.19:086][752]LogModuleManager: Shutting down and abandoning module RSA (3)
[2019.11.20-12.53.19:086][752]LogD3D11RHI: Shutdown
[2019.11.20-12.53.19:086][752]LogD3D11RHI: CleanupD3DDevice
[2019.11.20-12.53.19:086][752]LogRendererCore: FGlobalDynamicReadBuffer::Cleanup()
[2019.11.20-12.53.19:086][752]LogRendererCore: FGlobalDynamicReadBuffer::Cleanup()
[2019.11.20-12.53.19:086][752]LogRendererCore: FGlobalDynamicReadBuffer::Cleanup()
[2019.11.20-12.53.19:144][752]LogD3D11RHI: ~FD3D11DynamicRHI
[2019.11.20-12.53.19:155][752]LogExit: Exiting.
[2019.11.20-12.53.19:160][752]Log file closed, 11/20/19 12:53:19
